#
# There is insufficient memory for the Java Runtime Environment to continue.
# Native memory allocation (malloc) failed to allocate 495760 bytes for Chunk::new
# Possible reasons:
#   The system is out of physical RAM or swap space
#   The process is running with CompressedOops enabled, and the Java Heap may be blocking the growth of the native heap
# Possible solutions:
#   Reduce memory load on the system
#   Increase physical memory or swap space
#   Check if swap backing store is full
#   Decrease Java heap size (-Xmx/-Xms)
#   Decrease number of Java threads
#   Decrease Java thread stack sizes (-Xss)
#   Set larger code cache with -XX:ReservedCodeCacheSize=
#   JVM is running with Unscaled Compressed Oops mode in which the Java heap is
#     placed in the first 4GB address space. The Java Heap base address is the
#     maximum limit for the native heap growth. Please use -XX:HeapBaseMinAddress
#     to set the Java Heap base and to place the Java Heap above 4GB virtual address.
# This output file may be truncated or incomplete.
#
#  Out of Memory Error (arena.cpp:184), pid=13908, tid=6760
#
# JRE version: Java(TM) SE Runtime Environment (20.0.2+9) (build 20.0.2+9-78)
# Java VM: Java HotSpot(TM) 64-Bit Server VM (20.0.2+9-78, mixed mode, sharing, tiered, compressed oops, compressed class ptrs, g1 gc, windows-amd64)
# No core dump will be written. Minidumps are not enabled by default on client versions of Windows
#

---------------  S U M M A R Y ------------

Command Line: --add-opens=java.base/java.util=ALL-UNNAMED --add-opens=java.base/java.lang=ALL-UNNAMED --add-opens=java.base/java.lang.invoke=ALL-UNNAMED --add-opens=java.prefs/java.util.prefs=ALL-UNNAMED --add-opens=java.base/java.nio.charset=ALL-UNNAMED --add-opens=java.base/java.net=ALL-UNNAMED --add-opens=java.base/java.util.concurrent.atomic=ALL-UNNAMED -XX:MaxMetaspaceSize=384m -XX:+HeapDumpOnOutOfMemoryError -Xms256m -Xmx512m -Dfile.encoding=UTF-8 -Duser.country=RU -Duser.language=ru -Duser.variant -javaagent:C:\Users\vladw\.gradle\wrapper\dists\gradle-8.8-bin\dl7vupf4psengwqhwktix4v1\gradle-8.8\lib\agents\gradle-instrumentation-agent-8.8.jar org.gradle.launcher.daemon.bootstrap.GradleDaemon 8.8

Host: AMD Ryzen 5 5500U with Radeon Graphics         , 12 cores, 15G,  Windows 11 , 64 bit Build 22621 (10.0.22621.3958)
Time: Mon Sep  2 00:56:04 2024 RTZ 2 (s 11 , 64 bit Build 22621 (10.0.22621.3958) elapsed time: 8.030612 seconds (0d 0h 0m 8s)

---------------  T H R E A D  ---------------

Current thread (0x0000019afe0fcc40):  JavaThread "C2 CompilerThread1" daemon [_thread_in_native, id=6760, stack(0x0000007992f00000,0x0000007993000000)]


Current CompileTask:
C2:   8030 2576       4       java.lang.invoke.MethodType::makeImpl (109 bytes)

Stack: [0x0000007992f00000,0x0000007993000000]
Native frames: (J=compiled Java code, j=interpreted, Vv=VM code, C=native code)
V  [jvm.dll+0x6bc25a]
V  [jvm.dll+0x84971a]
V  [jvm.dll+0x84b315]
V  [jvm.dll+0x84ba13]
V  [jvm.dll+0x280e4f]
V  [jvm.dll+0xc2ab1]
V  [jvm.dll+0xc2dd5]
V  [jvm.dll+0x141edf]
V  [jvm.dll+0x64d5a3]
V  [jvm.dll+0x64bb40]
V  [jvm.dll+0x24b3ae]
V  [jvm.dll+0x24a921]
V  [jvm.dll+0x1ce761]
V  [jvm.dll+0x25a0eb]
V  [jvm.dll+0x2587c0]
V  [jvm.dll+0x3f2dd5]
V  [jvm.dll+0x7f5c76]
V  [jvm.dll+0x6baecb]
C  [ucrtbase.dll+0x29333]
C  [KERNEL32.DLL+0x1257d]
C  [ntdll.dll+0x5af28]


---------------  P R O C E S S  ---------------

Threads class SMR info:
_java_thread_list=0x0000019afdf3a980, length=26, elements={
0x0000019adc1e78f0, 0x0000019af8f0e0f0, 0x0000019afd114090, 0x0000019afd117db0,
0x0000019afd118a80, 0x0000019afd119770, 0x0000019afd11a1e0, 0x0000019afd1284a0,
0x0000019afd128f50, 0x0000019afd206ce0, 0x0000019afd3bdfa0, 0x0000019afde79ba0,
0x0000019afd3aa120, 0x0000019afe0f2ee0, 0x0000019afd3e0070, 0x0000019afe1ebec0,
0x0000019afe1eb970, 0x0000019afe1e9440, 0x0000019afe1ec960, 0x0000019afe1ec410,
0x0000019afe1e9990, 0x0000019afe1e9ee0, 0x0000019afe1ea430, 0x0000019afe1ea980,
0x0000019afe0fcc40, 0x0000019afe0fb600
}

Java Threads: ( => current thread )
  0x0000019adc1e78f0 JavaThread "main" [_thread_blocked, id=4640, stack(0x0000007990b00000,0x0000007990c00000)]
  0x0000019af8f0e0f0 JavaThread "Reference Handler" daemon [_thread_blocked, id=16272, stack(0x0000007991200000,0x0000007991300000)]
  0x0000019afd114090 JavaThread "Finalizer" daemon [_thread_blocked, id=18164, stack(0x0000007991300000,0x0000007991400000)]
  0x0000019afd117db0 JavaThread "Signal Dispatcher" daemon [_thread_blocked, id=13020, stack(0x0000007991400000,0x0000007991500000)]
  0x0000019afd118a80 JavaThread "Attach Listener" daemon [_thread_blocked, id=9432, stack(0x0000007991500000,0x0000007991600000)]
  0x0000019afd119770 JavaThread "Service Thread" daemon [_thread_blocked, id=17688, stack(0x0000007991600000,0x0000007991700000)]
  0x0000019afd11a1e0 JavaThread "Monitor Deflation Thread" daemon [_thread_blocked, id=23516, stack(0x0000007991700000,0x0000007991800000)]
  0x0000019afd1284a0 JavaThread "C2 CompilerThread0" daemon [_thread_in_native, id=14352, stack(0x0000007991800000,0x0000007991900000)]
  0x0000019afd128f50 JavaThread "C1 CompilerThread0" daemon [_thread_blocked, id=12032, stack(0x0000007991900000,0x0000007991a00000)]
  0x0000019afd206ce0 JavaThread "Common-Cleaner" daemon [_thread_blocked, id=20536, stack(0x0000007991a00000,0x0000007991b00000)]
  0x0000019afd3bdfa0 JavaThread "Notification Thread" daemon [_thread_blocked, id=7724, stack(0x0000007991b00000,0x0000007991c00000)]
  0x0000019afde79ba0 JavaThread "Daemon health stats" [_thread_blocked, id=20124, stack(0x0000007992300000,0x0000007992400000)]
  0x0000019afd3aa120 JavaThread "Incoming local TCP Connector on port 59756" [_thread_in_native, id=5528, stack(0x0000007991d00000,0x0000007991e00000)]
  0x0000019afe0f2ee0 JavaThread "Daemon periodic checks" [_thread_blocked, id=1316, stack(0x0000007992400000,0x0000007992500000)]
  0x0000019afd3e0070 JavaThread "Daemon" [_thread_blocked, id=12796, stack(0x0000007992500000,0x0000007992600000)]
  0x0000019afe1ebec0 JavaThread "Handler for socket connection from /127.0.0.1:59756 to /127.0.0.1:59757" [_thread_in_native, id=6052, stack(0x0000007992600000,0x0000007992700000)]
  0x0000019afe1eb970 JavaThread "Cancel handler" [_thread_blocked, id=13396, stack(0x0000007992700000,0x0000007992800000)]
  0x0000019afe1e9440 JavaThread "Daemon worker" [_thread_in_vm, id=9596, stack(0x0000007992800000,0x0000007992900000)]
  0x0000019afe1ec960 JavaThread "Asynchronous log dispatcher for DefaultDaemonConnection: socket connection from /127.0.0.1:59756 to /127.0.0.1:59757" [_thread_blocked, id=17340, stack(0x0000007992900000,0x0000007992a00000)]
  0x0000019afe1ec410 JavaThread "Stdin handler" [_thread_blocked, id=13848, stack(0x0000007992a00000,0x0000007992b00000)]
  0x0000019afe1e9990 JavaThread "Daemon client event forwarder" [_thread_blocked, id=19200, stack(0x0000007992b00000,0x0000007992c00000)]
  0x0000019afe1e9ee0 JavaThread "Cache worker for journal cache (C:\Users\vladw\.gradle\caches\journal-1)" [_thread_blocked, id=11568, stack(0x0000007992c00000,0x0000007992d00000)]
  0x0000019afe1ea430 JavaThread "File lock request listener" [_thread_in_native, id=10252, stack(0x0000007992d00000,0x0000007992e00000)]
  0x0000019afe1ea980 JavaThread "Cache worker for file hash cache (C:\Users\vladw\.gradle\caches\8.8\fileHashes)" [_thread_blocked, id=23512, stack(0x0000007992e00000,0x0000007992f00000)]
=>0x0000019afe0fcc40 JavaThread "C2 CompilerThread1" daemon [_thread_in_native, id=6760, stack(0x0000007992f00000,0x0000007993000000)]
  0x0000019afe0fb600 JavaThread "C2 CompilerThread2" daemon [_thread_in_native, id=15400, stack(0x0000007993000000,0x0000007993100000)]

Other Threads:
  0x0000019af8eec290 VMThread "VM Thread" [stack: 0x0000007991100000,0x0000007991200000] [id=22076]
  0x0000019adc1e85c0 WatcherThread "VM Periodic Task Thread" [stack: 0x0000007991c00000,0x0000007991d00000] [id=23200]
  0x0000019adc21d7a0 WorkerThread "GC Thread#0" [stack: 0x0000007990c00000,0x0000007990d00000] [id=4352]
  0x0000019afd9135b0 WorkerThread "GC Thread#1" [stack: 0x0000007991e00000,0x0000007991f00000] [id=19152]
  0x0000019afd913880 WorkerThread "GC Thread#2" [stack: 0x0000007991f00000,0x0000007992000000] [id=1304]
  0x0000019afd913b50 WorkerThread "GC Thread#3" [stack: 0x0000007992000000,0x0000007992100000] [id=1744]
  0x0000019afd913010 WorkerThread "GC Thread#4" [stack: 0x0000007992100000,0x0000007992200000] [id=10420]
  0x0000019afd912200 WorkerThread "GC Thread#5" [stack: 0x0000007992200000,0x0000007992300000] [id=11432]
  0x0000019adc2225c0 ConcurrentGCThread "G1 Main Marker" [stack: 0x0000007990d00000,0x0000007990e00000] [id=13324]
  0x0000019adc2230a0 WorkerThread "G1 Conc#0" [stack: 0x0000007990e00000,0x0000007990f00000] [id=21116]
  0x0000019adc29e570 ConcurrentGCThread "G1 Refine#0" [stack: 0x0000007990f00000,0x0000007991000000] [id=13404]
  0x0000019af8daf5b0 ConcurrentGCThread "G1 Service" [stack: 0x0000007991000000,0x0000007991100000] [id=10940]

Threads with active compile tasks:
C2 CompilerThread0     8081 2518   !   4       java.lang.ClassLoader::loadClass (121 bytes)
C2 CompilerThread1     8081 2576       4       java.lang.invoke.MethodType::makeImpl (109 bytes)
C2 CompilerThread2     8081 2591       4       jdk.internal.org.objectweb.asm.Frame::execute (2305 bytes)

VM state: not at safepoint (normal execution)

VM Mutex/Monitor currently owned by a thread: None

Heap address: 0x00000000e0000000, size: 512 MB, Compressed Oops mode: 32-bit

CDS archive(s) mapped at: [0x0000019a80000000-0x0000019a80c60000-0x0000019a80c60000), size 12976128, SharedBaseAddress: 0x0000019a80000000, ArchiveRelocationMode: 1.
Compressed class space mapped at: 0x0000019a81000000-0x0000019a94400000, reserved size: 322961408
Narrow klass base: 0x0000019a80000000, Narrow klass shift: 0, Narrow klass range: 0x100000000

GC Precious Log:
 CardTable entry size: 512
 Card Set container configuration: InlinePtr #cards 5 size 8 Array Of Cards #cards 12 size 40 Howl #buckets 4 coarsen threshold 1843 Howl Bitmap #cards 512 size 80 coarsen threshold 460 Card regions per heap region 1 cards per card region 2048
 CPUs: 12 total, 12 available
 Memory: 15722M
 Large Page Support: Disabled
 NUMA Support: Disabled
 Compressed Oops: Enabled (32-bit)
 Heap Region Size: 1M
 Heap Min Capacity: 256M
 Heap Initial Capacity: 256M
 Heap Max Capacity: 512M
 Pre-touch: Disabled
 Parallel Workers: 10
 Concurrent Workers: 3
 Concurrent Refinement Workers: 10
 Periodic GC: Disabled

Heap:
 garbage-first heap   total 262144K, used 96894K [0x00000000e0000000, 0x0000000100000000)
  region size 1024K, 84 young (86016K), 2 survivors (2048K)
 Metaspace       used 16451K, committed 17024K, reserved 380928K
  class space    used 2271K, committed 2496K, reserved 315392K

Heap Regions: E=young(eden), S=young(survivor), O=old, HS=humongous(starts), HC=humongous(continues), CS=collection set, F=free, OA=open archive, CA=closed archive, TAMS=top-at-mark-start, PB=parsable bottom
|   0|0x00000000e0000000, 0x00000000e0100000, 0x00000000e0100000|100%|HS|  |TAMS 0x00000000e0000000| PB 0x00000000e0000000| Complete 
|   1|0x00000000e0100000, 0x00000000e0200000, 0x00000000e0200000|100%|HC|  |TAMS 0x00000000e0100000| PB 0x00000000e0100000| Complete 
|   2|0x00000000e0200000, 0x00000000e0300000, 0x00000000e0300000|100%|HC|  |TAMS 0x00000000e0200000| PB 0x00000000e0200000| Complete 
|   3|0x00000000e0300000, 0x00000000e0400000, 0x00000000e0400000|100%|HC|  |TAMS 0x00000000e0300000| PB 0x00000000e0300000| Complete 
|   4|0x00000000e0400000, 0x00000000e0500000, 0x00000000e0500000|100%| O|  |TAMS 0x00000000e0400000| PB 0x00000000e0400000| Untracked 
|   5|0x00000000e0500000, 0x00000000e0600000, 0x00000000e0600000|100%| O|  |TAMS 0x00000000e0500000| PB 0x00000000e0500000| Untracked 
|   6|0x00000000e0600000, 0x00000000e0700000, 0x00000000e0700000|100%| O|  |TAMS 0x00000000e0600000| PB 0x00000000e0600000| Untracked 
|   7|0x00000000e0700000, 0x00000000e0800000, 0x00000000e0800000|100%| O|  |TAMS 0x00000000e0700000| PB 0x00000000e0700000| Untracked 
|   8|0x00000000e0800000, 0x00000000e0900000, 0x00000000e0900000|100%| O|  |TAMS 0x00000000e0800000| PB 0x00000000e0800000| Untracked 
|   9|0x00000000e0900000, 0x00000000e0a00000, 0x00000000e0a00000|100%| O|  |TAMS 0x00000000e0900000| PB 0x00000000e0900000| Untracked 
|  10|0x00000000e0a00000, 0x00000000e0a55800, 0x00000000e0b00000| 33%| O|  |TAMS 0x00000000e0a00000| PB 0x00000000e0a00000| Untracked 
|  11|0x00000000e0b00000, 0x00000000e0c00000, 0x00000000e0c00000|100%|HS|  |TAMS 0x00000000e0b00000| PB 0x00000000e0b00000| Complete 
|  12|0x00000000e0c00000, 0x00000000e0d00000, 0x00000000e0d00000|100%|HS|  |TAMS 0x00000000e0c00000| PB 0x00000000e0c00000| Complete 
|  13|0x00000000e0d00000, 0x00000000e0d00000, 0x00000000e0e00000|  0%| F|  |TAMS 0x00000000e0d00000| PB 0x00000000e0d00000| Untracked 
|  14|0x00000000e0e00000, 0x00000000e0e00000, 0x00000000e0f00000|  0%| F|  |TAMS 0x00000000e0e00000| PB 0x00000000e0e00000| Untracked 
|  15|0x00000000e0f00000, 0x00000000e0f00000, 0x00000000e1000000|  0%| F|  |TAMS 0x00000000e0f00000| PB 0x00000000e0f00000| Untracked 
|  16|0x00000000e1000000, 0x00000000e1000000, 0x00000000e1100000|  0%| F|  |TAMS 0x00000000e1000000| PB 0x00000000e1000000| Untracked 
|  17|0x00000000e1100000, 0x00000000e1100000, 0x00000000e1200000|  0%| F|  |TAMS 0x00000000e1100000| PB 0x00000000e1100000| Untracked 
|  18|0x00000000e1200000, 0x00000000e1200000, 0x00000000e1300000|  0%| F|  |TAMS 0x00000000e1200000| PB 0x00000000e1200000| Untracked 
|  19|0x00000000e1300000, 0x00000000e1300000, 0x00000000e1400000|  0%| F|  |TAMS 0x00000000e1300000| PB 0x00000000e1300000| Untracked 
|  20|0x00000000e1400000, 0x00000000e1400000, 0x00000000e1500000|  0%| F|  |TAMS 0x00000000e1400000| PB 0x00000000e1400000| Untracked 
|  21|0x00000000e1500000, 0x00000000e1500000, 0x00000000e1600000|  0%| F|  |TAMS 0x00000000e1500000| PB 0x00000000e1500000| Untracked 
|  22|0x00000000e1600000, 0x00000000e1600000, 0x00000000e1700000|  0%| F|  |TAMS 0x00000000e1600000| PB 0x00000000e1600000| Untracked 
|  23|0x00000000e1700000, 0x00000000e1700000, 0x00000000e1800000|  0%| F|  |TAMS 0x00000000e1700000| PB 0x00000000e1700000| Untracked 
|  24|0x00000000e1800000, 0x00000000e1800000, 0x00000000e1900000|  0%| F|  |TAMS 0x00000000e1800000| PB 0x00000000e1800000| Untracked 
|  25|0x00000000e1900000, 0x00000000e1900000, 0x00000000e1a00000|  0%| F|  |TAMS 0x00000000e1900000| PB 0x00000000e1900000| Untracked 
|  26|0x00000000e1a00000, 0x00000000e1a00000, 0x00000000e1b00000|  0%| F|  |TAMS 0x00000000e1a00000| PB 0x00000000e1a00000| Untracked 
|  27|0x00000000e1b00000, 0x00000000e1b00000, 0x00000000e1c00000|  0%| F|  |TAMS 0x00000000e1b00000| PB 0x00000000e1b00000| Untracked 
|  28|0x00000000e1c00000, 0x00000000e1c00000, 0x00000000e1d00000|  0%| F|  |TAMS 0x00000000e1c00000| PB 0x00000000e1c00000| Untracked 
|  29|0x00000000e1d00000, 0x00000000e1d00000, 0x00000000e1e00000|  0%| F|  |TAMS 0x00000000e1d00000| PB 0x00000000e1d00000| Untracked 
|  30|0x00000000e1e00000, 0x00000000e1e00000, 0x00000000e1f00000|  0%| F|  |TAMS 0x00000000e1e00000| PB 0x00000000e1e00000| Untracked 
|  31|0x00000000e1f00000, 0x00000000e1f00000, 0x00000000e2000000|  0%| F|  |TAMS 0x00000000e1f00000| PB 0x00000000e1f00000| Untracked 
|  32|0x00000000e2000000, 0x00000000e2000000, 0x00000000e2100000|  0%| F|  |TAMS 0x00000000e2000000| PB 0x00000000e2000000| Untracked 
|  33|0x00000000e2100000, 0x00000000e2100000, 0x00000000e2200000|  0%| F|  |TAMS 0x00000000e2100000| PB 0x00000000e2100000| Untracked 
|  34|0x00000000e2200000, 0x00000000e2200000, 0x00000000e2300000|  0%| F|  |TAMS 0x00000000e2200000| PB 0x00000000e2200000| Untracked 
|  35|0x00000000e2300000, 0x00000000e2300000, 0x00000000e2400000|  0%| F|  |TAMS 0x00000000e2300000| PB 0x00000000e2300000| Untracked 
|  36|0x00000000e2400000, 0x00000000e2400000, 0x00000000e2500000|  0%| F|  |TAMS 0x00000000e2400000| PB 0x00000000e2400000| Untracked 
|  37|0x00000000e2500000, 0x00000000e2500000, 0x00000000e2600000|  0%| F|  |TAMS 0x00000000e2500000| PB 0x00000000e2500000| Untracked 
|  38|0x00000000e2600000, 0x00000000e2600000, 0x00000000e2700000|  0%| F|  |TAMS 0x00000000e2600000| PB 0x00000000e2600000| Untracked 
|  39|0x00000000e2700000, 0x00000000e2700000, 0x00000000e2800000|  0%| F|  |TAMS 0x00000000e2700000| PB 0x00000000e2700000| Untracked 
|  40|0x00000000e2800000, 0x00000000e2800000, 0x00000000e2900000|  0%| F|  |TAMS 0x00000000e2800000| PB 0x00000000e2800000| Untracked 
|  41|0x00000000e2900000, 0x00000000e2900000, 0x00000000e2a00000|  0%| F|  |TAMS 0x00000000e2900000| PB 0x00000000e2900000| Untracked 
|  42|0x00000000e2a00000, 0x00000000e2a00000, 0x00000000e2b00000|  0%| F|  |TAMS 0x00000000e2a00000| PB 0x00000000e2a00000| Untracked 
|  43|0x00000000e2b00000, 0x00000000e2b00000, 0x00000000e2c00000|  0%| F|  |TAMS 0x00000000e2b00000| PB 0x00000000e2b00000| Untracked 
|  44|0x00000000e2c00000, 0x00000000e2c00000, 0x00000000e2d00000|  0%| F|  |TAMS 0x00000000e2c00000| PB 0x00000000e2c00000| Untracked 
|  45|0x00000000e2d00000, 0x00000000e2d00000, 0x00000000e2e00000|  0%| F|  |TAMS 0x00000000e2d00000| PB 0x00000000e2d00000| Untracked 
|  46|0x00000000e2e00000, 0x00000000e2e00000, 0x00000000e2f00000|  0%| F|  |TAMS 0x00000000e2e00000| PB 0x00000000e2e00000| Untracked 
|  47|0x00000000e2f00000, 0x00000000e2f00000, 0x00000000e3000000|  0%| F|  |TAMS 0x00000000e2f00000| PB 0x00000000e2f00000| Untracked 
|  48|0x00000000e3000000, 0x00000000e3000000, 0x00000000e3100000|  0%| F|  |TAMS 0x00000000e3000000| PB 0x00000000e3000000| Untracked 
|  49|0x00000000e3100000, 0x00000000e3100000, 0x00000000e3200000|  0%| F|  |TAMS 0x00000000e3100000| PB 0x00000000e3100000| Untracked 
|  50|0x00000000e3200000, 0x00000000e3200000, 0x00000000e3300000|  0%| F|  |TAMS 0x00000000e3200000| PB 0x00000000e3200000| Untracked 
|  51|0x00000000e3300000, 0x00000000e3300000, 0x00000000e3400000|  0%| F|  |TAMS 0x00000000e3300000| PB 0x00000000e3300000| Untracked 
|  52|0x00000000e3400000, 0x00000000e3400000, 0x00000000e3500000|  0%| F|  |TAMS 0x00000000e3400000| PB 0x00000000e3400000| Untracked 
|  53|0x00000000e3500000, 0x00000000e3500000, 0x00000000e3600000|  0%| F|  |TAMS 0x00000000e3500000| PB 0x00000000e3500000| Untracked 
|  54|0x00000000e3600000, 0x00000000e3600000, 0x00000000e3700000|  0%| F|  |TAMS 0x00000000e3600000| PB 0x00000000e3600000| Untracked 
|  55|0x00000000e3700000, 0x00000000e3700000, 0x00000000e3800000|  0%| F|  |TAMS 0x00000000e3700000| PB 0x00000000e3700000| Untracked 
|  56|0x00000000e3800000, 0x00000000e3800000, 0x00000000e3900000|  0%| F|  |TAMS 0x00000000e3800000| PB 0x00000000e3800000| Untracked 
|  57|0x00000000e3900000, 0x00000000e3900000, 0x00000000e3a00000|  0%| F|  |TAMS 0x00000000e3900000| PB 0x00000000e3900000| Untracked 
|  58|0x00000000e3a00000, 0x00000000e3a00000, 0x00000000e3b00000|  0%| F|  |TAMS 0x00000000e3a00000| PB 0x00000000e3a00000| Untracked 
|  59|0x00000000e3b00000, 0x00000000e3b00000, 0x00000000e3c00000|  0%| F|  |TAMS 0x00000000e3b00000| PB 0x00000000e3b00000| Untracked 
|  60|0x00000000e3c00000, 0x00000000e3c00000, 0x00000000e3d00000|  0%| F|  |TAMS 0x00000000e3c00000| PB 0x00000000e3c00000| Untracked 
|  61|0x00000000e3d00000, 0x00000000e3d00000, 0x00000000e3e00000|  0%| F|  |TAMS 0x00000000e3d00000| PB 0x00000000e3d00000| Untracked 
|  62|0x00000000e3e00000, 0x00000000e3e00000, 0x00000000e3f00000|  0%| F|  |TAMS 0x00000000e3e00000| PB 0x00000000e3e00000| Untracked 
|  63|0x00000000e3f00000, 0x00000000e3f00000, 0x00000000e4000000|  0%| F|  |TAMS 0x00000000e3f00000| PB 0x00000000e3f00000| Untracked 
|  64|0x00000000e4000000, 0x00000000e4000000, 0x00000000e4100000|  0%| F|  |TAMS 0x00000000e4000000| PB 0x00000000e4000000| Untracked 
|  65|0x00000000e4100000, 0x00000000e4100000, 0x00000000e4200000|  0%| F|  |TAMS 0x00000000e4100000| PB 0x00000000e4100000| Untracked 
|  66|0x00000000e4200000, 0x00000000e4200000, 0x00000000e4300000|  0%| F|  |TAMS 0x00000000e4200000| PB 0x00000000e4200000| Untracked 
|  67|0x00000000e4300000, 0x00000000e4300000, 0x00000000e4400000|  0%| F|  |TAMS 0x00000000e4300000| PB 0x00000000e4300000| Untracked 
|  68|0x00000000e4400000, 0x00000000e4400000, 0x00000000e4500000|  0%| F|  |TAMS 0x00000000e4400000| PB 0x00000000e4400000| Untracked 
|  69|0x00000000e4500000, 0x00000000e4500000, 0x00000000e4600000|  0%| F|  |TAMS 0x00000000e4500000| PB 0x00000000e4500000| Untracked 
|  70|0x00000000e4600000, 0x00000000e4600000, 0x00000000e4700000|  0%| F|  |TAMS 0x00000000e4600000| PB 0x00000000e4600000| Untracked 
|  71|0x00000000e4700000, 0x00000000e4700000, 0x00000000e4800000|  0%| F|  |TAMS 0x00000000e4700000| PB 0x00000000e4700000| Untracked 
|  72|0x00000000e4800000, 0x00000000e4800000, 0x00000000e4900000|  0%| F|  |TAMS 0x00000000e4800000| PB 0x00000000e4800000| Untracked 
|  73|0x00000000e4900000, 0x00000000e4900000, 0x00000000e4a00000|  0%| F|  |TAMS 0x00000000e4900000| PB 0x00000000e4900000| Untracked 
|  74|0x00000000e4a00000, 0x00000000e4a00000, 0x00000000e4b00000|  0%| F|  |TAMS 0x00000000e4a00000| PB 0x00000000e4a00000| Untracked 
|  75|0x00000000e4b00000, 0x00000000e4b00000, 0x00000000e4c00000|  0%| F|  |TAMS 0x00000000e4b00000| PB 0x00000000e4b00000| Untracked 
|  76|0x00000000e4c00000, 0x00000000e4c00000, 0x00000000e4d00000|  0%| F|  |TAMS 0x00000000e4c00000| PB 0x00000000e4c00000| Untracked 
|  77|0x00000000e4d00000, 0x00000000e4d00000, 0x00000000e4e00000|  0%| F|  |TAMS 0x00000000e4d00000| PB 0x00000000e4d00000| Untracked 
|  78|0x00000000e4e00000, 0x00000000e4e00000, 0x00000000e4f00000|  0%| F|  |TAMS 0x00000000e4e00000| PB 0x00000000e4e00000| Untracked 
|  79|0x00000000e4f00000, 0x00000000e4f00000, 0x00000000e5000000|  0%| F|  |TAMS 0x00000000e4f00000| PB 0x00000000e4f00000| Untracked 
|  80|0x00000000e5000000, 0x00000000e5000000, 0x00000000e5100000|  0%| F|  |TAMS 0x00000000e5000000| PB 0x00000000e5000000| Untracked 
|  81|0x00000000e5100000, 0x00000000e5100000, 0x00000000e5200000|  0%| F|  |TAMS 0x00000000e5100000| PB 0x00000000e5100000| Untracked 
|  82|0x00000000e5200000, 0x00000000e5200000, 0x00000000e5300000|  0%| F|  |TAMS 0x00000000e5200000| PB 0x00000000e5200000| Untracked 
|  83|0x00000000e5300000, 0x00000000e5300000, 0x00000000e5400000|  0%| F|  |TAMS 0x00000000e5300000| PB 0x00000000e5300000| Untracked 
|  84|0x00000000e5400000, 0x00000000e5400000, 0x00000000e5500000|  0%| F|  |TAMS 0x00000000e5400000| PB 0x00000000e5400000| Untracked 
|  85|0x00000000e5500000, 0x00000000e5500000, 0x00000000e5600000|  0%| F|  |TAMS 0x00000000e5500000| PB 0x00000000e5500000| Untracked 
|  86|0x00000000e5600000, 0x00000000e5600000, 0x00000000e5700000|  0%| F|  |TAMS 0x00000000e5600000| PB 0x00000000e5600000| Untracked 
|  87|0x00000000e5700000, 0x00000000e5700000, 0x00000000e5800000|  0%| F|  |TAMS 0x00000000e5700000| PB 0x00000000e5700000| Untracked 
|  88|0x00000000e5800000, 0x00000000e5800000, 0x00000000e5900000|  0%| F|  |TAMS 0x00000000e5800000| PB 0x00000000e5800000| Untracked 
|  89|0x00000000e5900000, 0x00000000e5900000, 0x00000000e5a00000|  0%| F|  |TAMS 0x00000000e5900000| PB 0x00000000e5900000| Untracked 
|  90|0x00000000e5a00000, 0x00000000e5a00000, 0x00000000e5b00000|  0%| F|  |TAMS 0x00000000e5a00000| PB 0x00000000e5a00000| Untracked 
|  91|0x00000000e5b00000, 0x00000000e5b00000, 0x00000000e5c00000|  0%| F|  |TAMS 0x00000000e5b00000| PB 0x00000000e5b00000| Untracked 
|  92|0x00000000e5c00000, 0x00000000e5c00000, 0x00000000e5d00000|  0%| F|  |TAMS 0x00000000e5c00000| PB 0x00000000e5c00000| Untracked 
|  93|0x00000000e5d00000, 0x00000000e5d00000, 0x00000000e5e00000|  0%| F|  |TAMS 0x00000000e5d00000| PB 0x00000000e5d00000| Untracked 
|  94|0x00000000e5e00000, 0x00000000e5e00000, 0x00000000e5f00000|  0%| F|  |TAMS 0x00000000e5e00000| PB 0x00000000e5e00000| Untracked 
|  95|0x00000000e5f00000, 0x00000000e5f00000, 0x00000000e6000000|  0%| F|  |TAMS 0x00000000e5f00000| PB 0x00000000e5f00000| Untracked 
|  96|0x00000000e6000000, 0x00000000e6000000, 0x00000000e6100000|  0%| F|  |TAMS 0x00000000e6000000| PB 0x00000000e6000000| Untracked 
|  97|0x00000000e6100000, 0x00000000e6100000, 0x00000000e6200000|  0%| F|  |TAMS 0x00000000e6100000| PB 0x00000000e6100000| Untracked 
|  98|0x00000000e6200000, 0x00000000e6200000, 0x00000000e6300000|  0%| F|  |TAMS 0x00000000e6200000| PB 0x00000000e6200000| Untracked 
|  99|0x00000000e6300000, 0x00000000e6300000, 0x00000000e6400000|  0%| F|  |TAMS 0x00000000e6300000| PB 0x00000000e6300000| Untracked 
| 100|0x00000000e6400000, 0x00000000e6400000, 0x00000000e6500000|  0%| F|  |TAMS 0x00000000e6400000| PB 0x00000000e6400000| Untracked 
| 101|0x00000000e6500000, 0x00000000e6500000, 0x00000000e6600000|  0%| F|  |TAMS 0x00000000e6500000| PB 0x00000000e6500000| Untracked 
| 102|0x00000000e6600000, 0x00000000e6600000, 0x00000000e6700000|  0%| F|  |TAMS 0x00000000e6600000| PB 0x00000000e6600000| Untracked 
| 103|0x00000000e6700000, 0x00000000e6700000, 0x00000000e6800000|  0%| F|  |TAMS 0x00000000e6700000| PB 0x00000000e6700000| Untracked 
| 104|0x00000000e6800000, 0x00000000e6800000, 0x00000000e6900000|  0%| F|  |TAMS 0x00000000e6800000| PB 0x00000000e6800000| Untracked 
| 105|0x00000000e6900000, 0x00000000e6900000, 0x00000000e6a00000|  0%| F|  |TAMS 0x00000000e6900000| PB 0x00000000e6900000| Untracked 
| 106|0x00000000e6a00000, 0x00000000e6a00000, 0x00000000e6b00000|  0%| F|  |TAMS 0x00000000e6a00000| PB 0x00000000e6a00000| Untracked 
| 107|0x00000000e6b00000, 0x00000000e6b00000, 0x00000000e6c00000|  0%| F|  |TAMS 0x00000000e6b00000| PB 0x00000000e6b00000| Untracked 
| 108|0x00000000e6c00000, 0x00000000e6c00000, 0x00000000e6d00000|  0%| F|  |TAMS 0x00000000e6c00000| PB 0x00000000e6c00000| Untracked 
| 109|0x00000000e6d00000, 0x00000000e6d00000, 0x00000000e6e00000|  0%| F|  |TAMS 0x00000000e6d00000| PB 0x00000000e6d00000| Untracked 
| 110|0x00000000e6e00000, 0x00000000e6e00000, 0x00000000e6f00000|  0%| F|  |TAMS 0x00000000e6e00000| PB 0x00000000e6e00000| Untracked 
| 111|0x00000000e6f00000, 0x00000000e6f00000, 0x00000000e7000000|  0%| F|  |TAMS 0x00000000e6f00000| PB 0x00000000e6f00000| Untracked 
| 112|0x00000000e7000000, 0x00000000e7000000, 0x00000000e7100000|  0%| F|  |TAMS 0x00000000e7000000| PB 0x00000000e7000000| Untracked 
| 113|0x00000000e7100000, 0x00000000e7100000, 0x00000000e7200000|  0%| F|  |TAMS 0x00000000e7100000| PB 0x00000000e7100000| Untracked 
| 114|0x00000000e7200000, 0x00000000e7200000, 0x00000000e7300000|  0%| F|  |TAMS 0x00000000e7200000| PB 0x00000000e7200000| Untracked 
| 115|0x00000000e7300000, 0x00000000e7300000, 0x00000000e7400000|  0%| F|  |TAMS 0x00000000e7300000| PB 0x00000000e7300000| Untracked 
| 116|0x00000000e7400000, 0x00000000e7400000, 0x00000000e7500000|  0%| F|  |TAMS 0x00000000e7400000| PB 0x00000000e7400000| Untracked 
| 117|0x00000000e7500000, 0x00000000e7500000, 0x00000000e7600000|  0%| F|  |TAMS 0x00000000e7500000| PB 0x00000000e7500000| Untracked 
| 118|0x00000000e7600000, 0x00000000e7600000, 0x00000000e7700000|  0%| F|  |TAMS 0x00000000e7600000| PB 0x00000000e7600000| Untracked 
| 119|0x00000000e7700000, 0x00000000e7700000, 0x00000000e7800000|  0%| F|  |TAMS 0x00000000e7700000| PB 0x00000000e7700000| Untracked 
| 120|0x00000000e7800000, 0x00000000e7800000, 0x00000000e7900000|  0%| F|  |TAMS 0x00000000e7800000| PB 0x00000000e7800000| Untracked 
| 121|0x00000000e7900000, 0x00000000e7900000, 0x00000000e7a00000|  0%| F|  |TAMS 0x00000000e7900000| PB 0x00000000e7900000| Untracked 
| 122|0x00000000e7a00000, 0x00000000e7a00000, 0x00000000e7b00000|  0%| F|  |TAMS 0x00000000e7a00000| PB 0x00000000e7a00000| Untracked 
| 123|0x00000000e7b00000, 0x00000000e7b00000, 0x00000000e7c00000|  0%| F|  |TAMS 0x00000000e7b00000| PB 0x00000000e7b00000| Untracked 
| 124|0x00000000e7c00000, 0x00000000e7c00000, 0x00000000e7d00000|  0%| F|  |TAMS 0x00000000e7c00000| PB 0x00000000e7c00000| Untracked 
| 125|0x00000000e7d00000, 0x00000000e7d00000, 0x00000000e7e00000|  0%| F|  |TAMS 0x00000000e7d00000| PB 0x00000000e7d00000| Untracked 
| 126|0x00000000e7e00000, 0x00000000e7e00000, 0x00000000e7f00000|  0%| F|  |TAMS 0x00000000e7e00000| PB 0x00000000e7e00000| Untracked 
| 127|0x00000000e7f00000, 0x00000000e7f00000, 0x00000000e8000000|  0%| F|  |TAMS 0x00000000e7f00000| PB 0x00000000e7f00000| Untracked 
| 128|0x00000000e8000000, 0x00000000e8000000, 0x00000000e8100000|  0%| F|  |TAMS 0x00000000e8000000| PB 0x00000000e8000000| Untracked 
| 129|0x00000000e8100000, 0x00000000e8100000, 0x00000000e8200000|  0%| F|  |TAMS 0x00000000e8100000| PB 0x00000000e8100000| Untracked 
| 130|0x00000000e8200000, 0x00000000e8200000, 0x00000000e8300000|  0%| F|  |TAMS 0x00000000e8200000| PB 0x00000000e8200000| Untracked 
| 131|0x00000000e8300000, 0x00000000e8300000, 0x00000000e8400000|  0%| F|  |TAMS 0x00000000e8300000| PB 0x00000000e8300000| Untracked 
| 132|0x00000000e8400000, 0x00000000e8400000, 0x00000000e8500000|  0%| F|  |TAMS 0x00000000e8400000| PB 0x00000000e8400000| Untracked 
| 133|0x00000000e8500000, 0x00000000e8500000, 0x00000000e8600000|  0%| F|  |TAMS 0x00000000e8500000| PB 0x00000000e8500000| Untracked 
| 134|0x00000000e8600000, 0x00000000e8600000, 0x00000000e8700000|  0%| F|  |TAMS 0x00000000e8600000| PB 0x00000000e8600000| Untracked 
| 135|0x00000000e8700000, 0x00000000e8700000, 0x00000000e8800000|  0%| F|  |TAMS 0x00000000e8700000| PB 0x00000000e8700000| Untracked 
| 136|0x00000000e8800000, 0x00000000e8800000, 0x00000000e8900000|  0%| F|  |TAMS 0x00000000e8800000| PB 0x00000000e8800000| Untracked 
| 137|0x00000000e8900000, 0x00000000e8900000, 0x00000000e8a00000|  0%| F|  |TAMS 0x00000000e8900000| PB 0x00000000e8900000| Untracked 
| 138|0x00000000e8a00000, 0x00000000e8a00000, 0x00000000e8b00000|  0%| F|  |TAMS 0x00000000e8a00000| PB 0x00000000e8a00000| Untracked 
| 139|0x00000000e8b00000, 0x00000000e8b00000, 0x00000000e8c00000|  0%| F|  |TAMS 0x00000000e8b00000| PB 0x00000000e8b00000| Untracked 
| 140|0x00000000e8c00000, 0x00000000e8c00000, 0x00000000e8d00000|  0%| F|  |TAMS 0x00000000e8c00000| PB 0x00000000e8c00000| Untracked 
| 141|0x00000000e8d00000, 0x00000000e8d00000, 0x00000000e8e00000|  0%| F|  |TAMS 0x00000000e8d00000| PB 0x00000000e8d00000| Untracked 
| 142|0x00000000e8e00000, 0x00000000e8e00000, 0x00000000e8f00000|  0%| F|  |TAMS 0x00000000e8e00000| PB 0x00000000e8e00000| Untracked 
| 143|0x00000000e8f00000, 0x00000000e8f00000, 0x00000000e9000000|  0%| F|  |TAMS 0x00000000e8f00000| PB 0x00000000e8f00000| Untracked 
| 144|0x00000000e9000000, 0x00000000e9000000, 0x00000000e9100000|  0%| F|  |TAMS 0x00000000e9000000| PB 0x00000000e9000000| Untracked 
| 145|0x00000000e9100000, 0x00000000e9100000, 0x00000000e9200000|  0%| F|  |TAMS 0x00000000e9100000| PB 0x00000000e9100000| Untracked 
| 146|0x00000000e9200000, 0x00000000e9200000, 0x00000000e9300000|  0%| F|  |TAMS 0x00000000e9200000| PB 0x00000000e9200000| Untracked 
| 147|0x00000000e9300000, 0x00000000e9300000, 0x00000000e9400000|  0%| F|  |TAMS 0x00000000e9300000| PB 0x00000000e9300000| Untracked 
| 148|0x00000000e9400000, 0x00000000e9400000, 0x00000000e9500000|  0%| F|  |TAMS 0x00000000e9400000| PB 0x00000000e9400000| Untracked 
| 149|0x00000000e9500000, 0x00000000e9500000, 0x00000000e9600000|  0%| F|  |TAMS 0x00000000e9500000| PB 0x00000000e9500000| Untracked 
| 150|0x00000000e9600000, 0x00000000e9600000, 0x00000000e9700000|  0%| F|  |TAMS 0x00000000e9600000| PB 0x00000000e9600000| Untracked 
| 151|0x00000000e9700000, 0x00000000e9700000, 0x00000000e9800000|  0%| F|  |TAMS 0x00000000e9700000| PB 0x00000000e9700000| Untracked 
| 152|0x00000000e9800000, 0x00000000e9800000, 0x00000000e9900000|  0%| F|  |TAMS 0x00000000e9800000| PB 0x00000000e9800000| Untracked 
| 153|0x00000000e9900000, 0x00000000e9900000, 0x00000000e9a00000|  0%| F|  |TAMS 0x00000000e9900000| PB 0x00000000e9900000| Untracked 
| 154|0x00000000e9a00000, 0x00000000e9a00000, 0x00000000e9b00000|  0%| F|  |TAMS 0x00000000e9a00000| PB 0x00000000e9a00000| Untracked 
| 155|0x00000000e9b00000, 0x00000000e9b00000, 0x00000000e9c00000|  0%| F|  |TAMS 0x00000000e9b00000| PB 0x00000000e9b00000| Untracked 
| 156|0x00000000e9c00000, 0x00000000e9c00000, 0x00000000e9d00000|  0%| F|  |TAMS 0x00000000e9c00000| PB 0x00000000e9c00000| Untracked 
| 157|0x00000000e9d00000, 0x00000000e9d00000, 0x00000000e9e00000|  0%| F|  |TAMS 0x00000000e9d00000| PB 0x00000000e9d00000| Untracked 
| 158|0x00000000e9e00000, 0x00000000e9e00000, 0x00000000e9f00000|  0%| F|  |TAMS 0x00000000e9e00000| PB 0x00000000e9e00000| Untracked 
| 159|0x00000000e9f00000, 0x00000000e9f00000, 0x00000000ea000000|  0%| F|  |TAMS 0x00000000e9f00000| PB 0x00000000e9f00000| Untracked 
| 160|0x00000000ea000000, 0x00000000ea000000, 0x00000000ea100000|  0%| F|  |TAMS 0x00000000ea000000| PB 0x00000000ea000000| Untracked 
| 161|0x00000000ea100000, 0x00000000ea100000, 0x00000000ea200000|  0%| F|  |TAMS 0x00000000ea100000| PB 0x00000000ea100000| Untracked 
| 162|0x00000000ea200000, 0x00000000ea200000, 0x00000000ea300000|  0%| F|  |TAMS 0x00000000ea200000| PB 0x00000000ea200000| Untracked 
| 163|0x00000000ea300000, 0x00000000ea300000, 0x00000000ea400000|  0%| F|  |TAMS 0x00000000ea300000| PB 0x00000000ea300000| Untracked 
| 164|0x00000000ea400000, 0x00000000ea400000, 0x00000000ea500000|  0%| F|  |TAMS 0x00000000ea400000| PB 0x00000000ea400000| Untracked 
| 165|0x00000000ea500000, 0x00000000ea500000, 0x00000000ea600000|  0%| F|  |TAMS 0x00000000ea500000| PB 0x00000000ea500000| Untracked 
| 166|0x00000000ea600000, 0x00000000ea600000, 0x00000000ea700000|  0%| F|  |TAMS 0x00000000ea600000| PB 0x00000000ea600000| Untracked 
| 167|0x00000000ea700000, 0x00000000ea700000, 0x00000000ea800000|  0%| F|  |TAMS 0x00000000ea700000| PB 0x00000000ea700000| Untracked 
| 168|0x00000000ea800000, 0x00000000ea800000, 0x00000000ea900000|  0%| F|  |TAMS 0x00000000ea800000| PB 0x00000000ea800000| Untracked 
| 169|0x00000000ea900000, 0x00000000ea900000, 0x00000000eaa00000|  0%| F|  |TAMS 0x00000000ea900000| PB 0x00000000ea900000| Untracked 
| 170|0x00000000eaa00000, 0x00000000eaa00000, 0x00000000eab00000|  0%| F|  |TAMS 0x00000000eaa00000| PB 0x00000000eaa00000| Untracked 
| 171|0x00000000eab00000, 0x00000000eab80800, 0x00000000eac00000| 50%| E|  |TAMS 0x00000000eab00000| PB 0x00000000eab00000| Complete 
| 172|0x00000000eac00000, 0x00000000ead00000, 0x00000000ead00000|100%| E|CS|TAMS 0x00000000eac00000| PB 0x00000000eac00000| Complete 
| 173|0x00000000ead00000, 0x00000000eae00000, 0x00000000eae00000|100%| E|CS|TAMS 0x00000000ead00000| PB 0x00000000ead00000| Complete 
| 174|0x00000000eae00000, 0x00000000eaf00000, 0x00000000eaf00000|100%| E|CS|TAMS 0x00000000eae00000| PB 0x00000000eae00000| Complete 
| 175|0x00000000eaf00000, 0x00000000eb000000, 0x00000000eb000000|100%| E|CS|TAMS 0x00000000eaf00000| PB 0x00000000eaf00000| Complete 
| 176|0x00000000eb000000, 0x00000000eb100000, 0x00000000eb100000|100%| E|CS|TAMS 0x00000000eb000000| PB 0x00000000eb000000| Complete 
| 177|0x00000000eb100000, 0x00000000eb200000, 0x00000000eb200000|100%| E|CS|TAMS 0x00000000eb100000| PB 0x00000000eb100000| Complete 
| 178|0x00000000eb200000, 0x00000000eb300000, 0x00000000eb300000|100%| E|CS|TAMS 0x00000000eb200000| PB 0x00000000eb200000| Complete 
| 179|0x00000000eb300000, 0x00000000eb400000, 0x00000000eb400000|100%| E|CS|TAMS 0x00000000eb300000| PB 0x00000000eb300000| Complete 
| 180|0x00000000eb400000, 0x00000000eb500000, 0x00000000eb500000|100%| E|CS|TAMS 0x00000000eb400000| PB 0x00000000eb400000| Complete 
| 181|0x00000000eb500000, 0x00000000eb600000, 0x00000000eb600000|100%| E|CS|TAMS 0x00000000eb500000| PB 0x00000000eb500000| Complete 
| 182|0x00000000eb600000, 0x00000000eb700000, 0x00000000eb700000|100%| E|CS|TAMS 0x00000000eb600000| PB 0x00000000eb600000| Complete 
| 183|0x00000000eb700000, 0x00000000eb800000, 0x00000000eb800000|100%| E|CS|TAMS 0x00000000eb700000| PB 0x00000000eb700000| Complete 
| 184|0x00000000eb800000, 0x00000000eb900000, 0x00000000eb900000|100%| E|CS|TAMS 0x00000000eb800000| PB 0x00000000eb800000| Complete 
| 185|0x00000000eb900000, 0x00000000eba00000, 0x00000000eba00000|100%| E|CS|TAMS 0x00000000eb900000| PB 0x00000000eb900000| Complete 
| 186|0x00000000eba00000, 0x00000000ebb00000, 0x00000000ebb00000|100%| E|CS|TAMS 0x00000000eba00000| PB 0x00000000eba00000| Complete 
| 187|0x00000000ebb00000, 0x00000000ebc00000, 0x00000000ebc00000|100%| E|CS|TAMS 0x00000000ebb00000| PB 0x00000000ebb00000| Complete 
| 188|0x00000000ebc00000, 0x00000000ebd00000, 0x00000000ebd00000|100%| E|CS|TAMS 0x00000000ebc00000| PB 0x00000000ebc00000| Complete 
| 189|0x00000000ebd00000, 0x00000000ebe00000, 0x00000000ebe00000|100%| E|CS|TAMS 0x00000000ebd00000| PB 0x00000000ebd00000| Complete 
| 190|0x00000000ebe00000, 0x00000000ebf00000, 0x00000000ebf00000|100%| E|CS|TAMS 0x00000000ebe00000| PB 0x00000000ebe00000| Complete 
| 191|0x00000000ebf00000, 0x00000000ec000000, 0x00000000ec000000|100%| E|CS|TAMS 0x00000000ebf00000| PB 0x00000000ebf00000| Complete 
| 192|0x00000000ec000000, 0x00000000ec100000, 0x00000000ec100000|100%| E|CS|TAMS 0x00000000ec000000| PB 0x00000000ec000000| Complete 
| 193|0x00000000ec100000, 0x00000000ec200000, 0x00000000ec200000|100%| E|CS|TAMS 0x00000000ec100000| PB 0x00000000ec100000| Complete 
| 194|0x00000000ec200000, 0x00000000ec300000, 0x00000000ec300000|100%| E|CS|TAMS 0x00000000ec200000| PB 0x00000000ec200000| Complete 
| 195|0x00000000ec300000, 0x00000000ec400000, 0x00000000ec400000|100%| E|CS|TAMS 0x00000000ec300000| PB 0x00000000ec300000| Complete 
| 196|0x00000000ec400000, 0x00000000ec500000, 0x00000000ec500000|100%| E|CS|TAMS 0x00000000ec400000| PB 0x00000000ec400000| Complete 
| 197|0x00000000ec500000, 0x00000000ec600000, 0x00000000ec600000|100%| E|CS|TAMS 0x00000000ec500000| PB 0x00000000ec500000| Complete 
| 198|0x00000000ec600000, 0x00000000ec700000, 0x00000000ec700000|100%| E|CS|TAMS 0x00000000ec600000| PB 0x00000000ec600000| Complete 
| 199|0x00000000ec700000, 0x00000000ec800000, 0x00000000ec800000|100%| E|CS|TAMS 0x00000000ec700000| PB 0x00000000ec700000| Complete 
| 200|0x00000000ec800000, 0x00000000ec900000, 0x00000000ec900000|100%| E|CS|TAMS 0x00000000ec800000| PB 0x00000000ec800000| Complete 
| 201|0x00000000ec900000, 0x00000000eca00000, 0x00000000eca00000|100%| E|CS|TAMS 0x00000000ec900000| PB 0x00000000ec900000| Complete 
| 202|0x00000000eca00000, 0x00000000ecb00000, 0x00000000ecb00000|100%| E|CS|TAMS 0x00000000eca00000| PB 0x00000000eca00000| Complete 
| 203|0x00000000ecb00000, 0x00000000ecc00000, 0x00000000ecc00000|100%| E|CS|TAMS 0x00000000ecb00000| PB 0x00000000ecb00000| Complete 
| 204|0x00000000ecc00000, 0x00000000ecd00000, 0x00000000ecd00000|100%| E|CS|TAMS 0x00000000ecc00000| PB 0x00000000ecc00000| Complete 
| 205|0x00000000ecd00000, 0x00000000ece00000, 0x00000000ece00000|100%| E|CS|TAMS 0x00000000ecd00000| PB 0x00000000ecd00000| Complete 
| 206|0x00000000ece00000, 0x00000000ecf00000, 0x00000000ecf00000|100%| E|CS|TAMS 0x00000000ece00000| PB 0x00000000ece00000| Complete 
| 207|0x00000000ecf00000, 0x00000000ed000000, 0x00000000ed000000|100%| E|CS|TAMS 0x00000000ecf00000| PB 0x00000000ecf00000| Complete 
| 208|0x00000000ed000000, 0x00000000ed100000, 0x00000000ed100000|100%| E|CS|TAMS 0x00000000ed000000| PB 0x00000000ed000000| Complete 
| 209|0x00000000ed100000, 0x00000000ed200000, 0x00000000ed200000|100%| E|CS|TAMS 0x00000000ed100000| PB 0x00000000ed100000| Complete 
| 210|0x00000000ed200000, 0x00000000ed300000, 0x00000000ed300000|100%| E|CS|TAMS 0x00000000ed200000| PB 0x00000000ed200000| Complete 
| 211|0x00000000ed300000, 0x00000000ed400000, 0x00000000ed400000|100%| E|CS|TAMS 0x00000000ed300000| PB 0x00000000ed300000| Complete 
| 212|0x00000000ed400000, 0x00000000ed500000, 0x00000000ed500000|100%| E|CS|TAMS 0x00000000ed400000| PB 0x00000000ed400000| Complete 
| 213|0x00000000ed500000, 0x00000000ed600000, 0x00000000ed600000|100%| E|CS|TAMS 0x00000000ed500000| PB 0x00000000ed500000| Complete 
| 214|0x00000000ed600000, 0x00000000ed700000, 0x00000000ed700000|100%| E|CS|TAMS 0x00000000ed600000| PB 0x00000000ed600000| Complete 
| 215|0x00000000ed700000, 0x00000000ed800000, 0x00000000ed800000|100%| E|CS|TAMS 0x00000000ed700000| PB 0x00000000ed700000| Complete 
| 216|0x00000000ed800000, 0x00000000ed900000, 0x00000000ed900000|100%| E|CS|TAMS 0x00000000ed800000| PB 0x00000000ed800000| Complete 
| 217|0x00000000ed900000, 0x00000000eda00000, 0x00000000eda00000|100%| E|CS|TAMS 0x00000000ed900000| PB 0x00000000ed900000| Complete 
| 218|0x00000000eda00000, 0x00000000edb00000, 0x00000000edb00000|100%| E|CS|TAMS 0x00000000eda00000| PB 0x00000000eda00000| Complete 
| 219|0x00000000edb00000, 0x00000000edc00000, 0x00000000edc00000|100%| E|CS|TAMS 0x00000000edb00000| PB 0x00000000edb00000| Complete 
| 220|0x00000000edc00000, 0x00000000edd00000, 0x00000000edd00000|100%| E|CS|TAMS 0x00000000edc00000| PB 0x00000000edc00000| Complete 
| 221|0x00000000edd00000, 0x00000000ede00000, 0x00000000ede00000|100%| E|CS|TAMS 0x00000000edd00000| PB 0x00000000edd00000| Complete 
| 222|0x00000000ede00000, 0x00000000ede4a130, 0x00000000edf00000| 28%| S|CS|TAMS 0x00000000ede00000| PB 0x00000000ede00000| Complete 
| 223|0x00000000edf00000, 0x00000000ee000000, 0x00000000ee000000|100%| S|CS|TAMS 0x00000000edf00000| PB 0x00000000edf00000| Complete 
| 224|0x00000000ee000000, 0x00000000ee100000, 0x00000000ee100000|100%| E|CS|TAMS 0x00000000ee000000| PB 0x00000000ee000000| Complete 
| 225|0x00000000ee100000, 0x00000000ee200000, 0x00000000ee200000|100%| E|CS|TAMS 0x00000000ee100000| PB 0x00000000ee100000| Complete 
| 226|0x00000000ee200000, 0x00000000ee300000, 0x00000000ee300000|100%| E|CS|TAMS 0x00000000ee200000| PB 0x00000000ee200000| Complete 
| 227|0x00000000ee300000, 0x00000000ee400000, 0x00000000ee400000|100%| E|CS|TAMS 0x00000000ee300000| PB 0x00000000ee300000| Complete 
| 228|0x00000000ee400000, 0x00000000ee500000, 0x00000000ee500000|100%| E|CS|TAMS 0x00000000ee400000| PB 0x00000000ee400000| Complete 
| 229|0x00000000ee500000, 0x00000000ee600000, 0x00000000ee600000|100%| E|CS|TAMS 0x00000000ee500000| PB 0x00000000ee500000| Complete 
| 230|0x00000000ee600000, 0x00000000ee700000, 0x00000000ee700000|100%| E|CS|TAMS 0x00000000ee600000| PB 0x00000000ee600000| Complete 
| 231|0x00000000ee700000, 0x00000000ee800000, 0x00000000ee800000|100%| E|CS|TAMS 0x00000000ee700000| PB 0x00000000ee700000| Complete 
| 232|0x00000000ee800000, 0x00000000ee900000, 0x00000000ee900000|100%| E|CS|TAMS 0x00000000ee800000| PB 0x00000000ee800000| Complete 
| 233|0x00000000ee900000, 0x00000000eea00000, 0x00000000eea00000|100%| E|CS|TAMS 0x00000000ee900000| PB 0x00000000ee900000| Complete 
| 234|0x00000000eea00000, 0x00000000eeb00000, 0x00000000eeb00000|100%| E|CS|TAMS 0x00000000eea00000| PB 0x00000000eea00000| Complete 
| 235|0x00000000eeb00000, 0x00000000eec00000, 0x00000000eec00000|100%| E|CS|TAMS 0x00000000eeb00000| PB 0x00000000eeb00000| Complete 
| 236|0x00000000eec00000, 0x00000000eed00000, 0x00000000eed00000|100%| E|CS|TAMS 0x00000000eec00000| PB 0x00000000eec00000| Complete 
| 237|0x00000000eed00000, 0x00000000eee00000, 0x00000000eee00000|100%| E|CS|TAMS 0x00000000eed00000| PB 0x00000000eed00000| Complete 
| 238|0x00000000eee00000, 0x00000000eef00000, 0x00000000eef00000|100%| E|CS|TAMS 0x00000000eee00000| PB 0x00000000eee00000| Complete 
| 239|0x00000000eef00000, 0x00000000ef000000, 0x00000000ef000000|100%| E|CS|TAMS 0x00000000eef00000| PB 0x00000000eef00000| Complete 
| 240|0x00000000ef000000, 0x00000000ef100000, 0x00000000ef100000|100%| E|CS|TAMS 0x00000000ef000000| PB 0x00000000ef000000| Complete 
| 241|0x00000000ef100000, 0x00000000ef200000, 0x00000000ef200000|100%| E|CS|TAMS 0x00000000ef100000| PB 0x00000000ef100000| Complete 
| 242|0x00000000ef200000, 0x00000000ef300000, 0x00000000ef300000|100%| E|CS|TAMS 0x00000000ef200000| PB 0x00000000ef200000| Complete 
| 243|0x00000000ef300000, 0x00000000ef400000, 0x00000000ef400000|100%| E|CS|TAMS 0x00000000ef300000| PB 0x00000000ef300000| Complete 
| 244|0x00000000ef400000, 0x00000000ef500000, 0x00000000ef500000|100%| E|CS|TAMS 0x00000000ef400000| PB 0x00000000ef400000| Complete 
| 245|0x00000000ef500000, 0x00000000ef600000, 0x00000000ef600000|100%| E|CS|TAMS 0x00000000ef500000| PB 0x00000000ef500000| Complete 
| 246|0x00000000ef600000, 0x00000000ef700000, 0x00000000ef700000|100%| E|CS|TAMS 0x00000000ef600000| PB 0x00000000ef600000| Complete 
| 247|0x00000000ef700000, 0x00000000ef800000, 0x00000000ef800000|100%| E|CS|TAMS 0x00000000ef700000| PB 0x00000000ef700000| Complete 
| 248|0x00000000ef800000, 0x00000000ef900000, 0x00000000ef900000|100%| E|CS|TAMS 0x00000000ef800000| PB 0x00000000ef800000| Complete 
| 249|0x00000000ef900000, 0x00000000efa00000, 0x00000000efa00000|100%| E|CS|TAMS 0x00000000ef900000| PB 0x00000000ef900000| Complete 
| 250|0x00000000efa00000, 0x00000000efb00000, 0x00000000efb00000|100%| E|CS|TAMS 0x00000000efa00000| PB 0x00000000efa00000| Complete 
| 251|0x00000000efb00000, 0x00000000efc00000, 0x00000000efc00000|100%| E|CS|TAMS 0x00000000efb00000| PB 0x00000000efb00000| Complete 
| 252|0x00000000efc00000, 0x00000000efd00000, 0x00000000efd00000|100%| E|CS|TAMS 0x00000000efc00000| PB 0x00000000efc00000| Complete 
| 253|0x00000000efd00000, 0x00000000efe00000, 0x00000000efe00000|100%| E|CS|TAMS 0x00000000efd00000| PB 0x00000000efd00000| Complete 
| 254|0x00000000efe00000, 0x00000000eff00000, 0x00000000eff00000|100%| E|CS|TAMS 0x00000000efe00000| PB 0x00000000efe00000| Complete 
| 255|0x00000000eff00000, 0x00000000f0000000, 0x00000000f0000000|100%| E|CS|TAMS 0x00000000eff00000| PB 0x00000000eff00000| Complete 

Card table byte_map: [0x0000019af5830000,0x0000019af5930000] _byte_map_base: 0x0000019af5130000

Marking Bits: (CMBitMap*) 0x0000019adc21dce0
 Bits: [0x0000019af5a30000, 0x0000019af6230000)

Polling page: 0x0000019adc2a0000

Metaspace:

Usage:
  Non-class:     13.90 MB used.
      Class:      2.23 MB used.
       Both:     16.13 MB used.

Virtual space:
  Non-class space:       64.00 MB reserved,      14.19 MB ( 22%) committed,  1 nodes.
      Class space:      308.00 MB reserved,       2.44 MB ( <1%) committed,  1 nodes.
             Both:      372.00 MB reserved,      16.62 MB (  4%) committed. 

Chunk freelists:
   Non-Class:  1.77 MB
       Class:  1.58 MB
        Both:  3.34 MB

MaxMetaspaceSize: 384.00 MB
CompressedClassSpaceSize: 308.00 MB
Initial GC threshold: 21.00 MB
Current GC threshold: 21.00 MB
CDS: on
MetaspaceReclaimPolicy: balanced
 - commit_granule_bytes: 65536.
 - commit_granule_words: 8192.
 - virtual_space_node_default_size: 8388608.
 - enlarge_chunks_in_place: 1.
 - new_chunks_are_fully_committed: 0.
 - uncommit_free_chunks: 1.
 - use_allocation_guard: 0.


Internal statistics:

num_allocs_failed_limit: 0.
num_arena_births: 638.
num_arena_deaths: 0.
num_vsnodes_births: 2.
num_vsnodes_deaths: 0.
num_space_committed: 266.
num_space_uncommitted: 0.
num_chunks_returned_to_freelist: 0.
num_chunks_taken_from_freelist: 1205.
num_chunk_merges: 0.
num_chunk_splits: 791.
num_chunks_enlarged: 548.
num_inconsistent_stats: 0.

CodeHeap 'non-profiled nmethods': size=120000Kb used=1146Kb max_used=1146Kb free=118853Kb
 bounds [0x0000019aed560000, 0x0000019aed7d0000, 0x0000019af4a90000]
CodeHeap 'profiled nmethods': size=120000Kb used=5229Kb max_used=5229Kb free=114771Kb
 bounds [0x0000019ae5a90000, 0x0000019ae5fb0000, 0x0000019aecfc0000]
CodeHeap 'non-nmethods': size=5760Kb used=1545Kb max_used=1545Kb free=4215Kb
 bounds [0x0000019aecfc0000, 0x0000019aed230000, 0x0000019aed560000]
 total_blobs=3232 nmethods=2669 adapters=473
 compilation: enabled
              stopped_count=0, restarted_count=0
 full_count=0

Compilation events (20 events):
Event: 7.939 Thread 0x0000019afd128f50 2652       3       java.util.ImmutableCollections$AbstractImmutableList::<init> (5 bytes)
Event: 7.940 Thread 0x0000019afd128f50 nmethod 2652 0x0000019ae5fa0c90 code [0x0000019ae5fa0e20, 0x0000019ae5fa1048]
Event: 7.943 Thread 0x0000019afd128f50 2654       3       java.lang.invoke.InvokerBytecodeGenerator::emitReturnInsn (122 bytes)
Event: 7.945 Thread 0x0000019afd128f50 nmethod 2654 0x0000019ae5fa1190 code [0x0000019ae5fa13e0, 0x0000019ae5fa1d90]
Event: 7.945 Thread 0x0000019afd128f50 2656       3       java.lang.invoke.LambdaForm$NamedFunction::<init> (10 bytes)
Event: 7.945 Thread 0x0000019afd128f50 nmethod 2656 0x0000019ae5fa2110 code [0x0000019ae5fa22c0, 0x0000019ae5fa2620]
Event: 7.946 Thread 0x0000019afd128f50 2655       3       java.lang.invoke.MethodHandles$Lookup::checkField (58 bytes)
Event: 7.947 Thread 0x0000019afd128f50 nmethod 2655 0x0000019ae5fa2790 code [0x0000019ae5fa2960, 0x0000019ae5fa2dd0]
Event: 7.955 Thread 0x0000019afd128f50 2660       3       java.util.List::of (64 bytes)
Event: 7.957 Thread 0x0000019afd128f50 nmethod 2660 0x0000019ae5fa2f90 code [0x0000019ae5fa3200, 0x0000019ae5fa3ea0]
Event: 7.958 Thread 0x0000019afd128f50 2661       3       java.util.ArrayList::toArray (57 bytes)
Event: 7.959 Thread 0x0000019afd128f50 nmethod 2661 0x0000019ae5fa4290 code [0x0000019ae5fa4460, 0x0000019ae5fa49d8]
Event: 7.967 Thread 0x0000019afd128f50 2665       3       java.lang.invoke.DirectMethodHandle::afIndex (20 bytes)
Event: 7.967 Thread 0x0000019afd128f50 nmethod 2665 0x0000019ae5fa4b10 code [0x0000019ae5fa4ca0, 0x0000019ae5fa4df8]
Event: 7.967 Thread 0x0000019afd128f50 2666       3       java.lang.invoke.MethodHandles$Lookup::getDirectFieldCommon (67 bytes)
Event: 7.969 Thread 0x0000019afd128f50 nmethod 2666 0x0000019ae5fa4e90 code [0x0000019ae5fa5080, 0x0000019ae5fa5500]
Event: 7.969 Thread 0x0000019afd128f50 2667   !   3       java.lang.invoke.ClassSpecializer$Factory::findGetter (41 bytes)
Event: 7.970 Thread 0x0000019afd128f50 nmethod 2667 0x0000019ae5fa5690 code [0x0000019ae5fa5860, 0x0000019ae5fa5d70]
Event: 7.974 Thread 0x0000019afd128f50 2670       3       java.lang.invoke.InvokerBytecodeGenerator::classData (170 bytes)
Event: 7.976 Thread 0x0000019afd128f50 nmethod 2670 0x0000019ae5fa5f10 code [0x0000019ae5fa6180, 0x0000019ae5fa6e38]

GC Heap History (4 events):
Event: 1.672 GC heap before
{Heap before GC invocations=0 (full 0):
 garbage-first heap   total 262144K, used 26624K [0x00000000e0000000, 0x0000000100000000)
  region size 1024K, 23 young (23552K), 0 survivors (0K)
 Metaspace       used 2021K, committed 2176K, reserved 380928K
  class space    used 215K, committed 320K, reserved 315392K
}
Event: 1.679 GC heap after
{Heap after GC invocations=1 (full 0):
 garbage-first heap   total 262144K, used 11051K [0x00000000e0000000, 0x0000000100000000)
  region size 1024K, 3 young (3072K), 3 survivors (3072K)
 Metaspace       used 2021K, committed 2176K, reserved 380928K
  class space    used 215K, committed 320K, reserved 315392K
}
Event: 3.455 GC heap before
{Heap before GC invocations=1 (full 0):
 garbage-first heap   total 262144K, used 40747K [0x00000000e0000000, 0x0000000100000000)
  region size 1024K, 32 young (32768K), 3 survivors (3072K)
 Metaspace       used 4101K, committed 4352K, reserved 380928K
  class space    used 505K, committed 640K, reserved 315392K
}
Event: 3.462 GC heap after
{Heap after GC invocations=2 (full 0):
 garbage-first heap   total 262144K, used 11902K [0x00000000e0000000, 0x0000000100000000)
  region size 1024K, 2 young (2048K), 2 survivors (2048K)
 Metaspace       used 4101K, committed 4352K, reserved 380928K
  class space    used 505K, committed 640K, reserved 315392K
}

Dll operation events (15 events):
Event: 0.019 Loaded shared library C:\Program Files\Java\jdk-20\bin\java.dll
Event: 0.059 Loaded shared library C:\Program Files\Java\jdk-20\bin\jsvml.dll
Event: 0.200 Loaded shared library C:\Program Files\Java\jdk-20\bin\zip.dll
Event: 0.208 Loaded shared library C:\Program Files\Java\jdk-20\bin\instrument.dll
Event: 0.219 Loaded shared library C:\Program Files\Java\jdk-20\bin\net.dll
Event: 0.225 Loaded shared library C:\Program Files\Java\jdk-20\bin\nio.dll
Event: 0.239 Loaded shared library C:\Program Files\Java\jdk-20\bin\zip.dll
Event: 1.104 Loaded shared library C:\Program Files\Java\jdk-20\bin\jimage.dll
Event: 1.333 Loaded shared library C:\Program Files\Java\jdk-20\bin\verify.dll
Event: 1.758 Loaded shared library C:\Users\vladw\.gradle\native\c067742578af261105cb4f569cf0c3c89f3d7b1fecec35dd04571415982c5e48\windows-amd64\native-platform.dll
Event: 1.767 Loaded shared library C:\Users\vladw\.gradle\native\100fb08df4bc3b14c8652ba06237920a3bd2aa13389f12d3474272988ae205f9\windows-amd64\native-platform-file-events.dll
Event: 4.809 Loaded shared library C:\Program Files\Java\jdk-20\bin\management.dll
Event: 4.816 Loaded shared library C:\Program Files\Java\jdk-20\bin\management_ext.dll
Event: 5.333 Loaded shared library C:\Program Files\Java\jdk-20\bin\extnet.dll
Event: 6.224 Loaded shared library C:\Program Files\Java\jdk-20\bin\sunmscapi.dll

Deoptimization events (20 events):
Event: 7.494 Thread 0x0000019afe1e9440 DEOPT PACKING pc=0x0000019aed62fd04 sp=0x00000079928fb430
Event: 7.494 Thread 0x0000019afe1e9440 DEOPT UNPACKING pc=0x0000019aed029d22 sp=0x00000079928fb360 mode 2
Event: 7.560 Thread 0x0000019afe1e9440 Uncommon trap: trap_request=0xffffff45 fr.pc=0x0000019aed583258 relative=0x0000000000000bd8
Event: 7.560 Thread 0x0000019afe1e9440 Uncommon trap: reason=unstable_if action=reinterpret pc=0x0000019aed583258 method=java.io.WinNTFileSystem.resolve(Ljava/lang/String;Ljava/lang/String;)Ljava/lang/String; @ 19 c2
Event: 7.560 Thread 0x0000019afe1e9440 DEOPT PACKING pc=0x0000019aed583258 sp=0x00000079928fb8b0
Event: 7.560 Thread 0x0000019afe1e9440 DEOPT UNPACKING pc=0x0000019aed029d22 sp=0x00000079928fb848 mode 2
Event: 7.564 Thread 0x0000019afe1e9440 Uncommon trap: trap_request=0xffffff45 fr.pc=0x0000019aed5d8cbc relative=0x000000000000059c
Event: 7.564 Thread 0x0000019afe1e9440 Uncommon trap: reason=unstable_if action=reinterpret pc=0x0000019aed5d8cbc method=java.io.File.getName()Ljava/lang/String; @ 16 c2
Event: 7.564 Thread 0x0000019afe1e9440 DEOPT PACKING pc=0x0000019aed5d8cbc sp=0x00000079928fb860
Event: 7.564 Thread 0x0000019afe1e9440 DEOPT UNPACKING pc=0x0000019aed029d22 sp=0x00000079928fb830 mode 2
Event: 7.705 Thread 0x0000019afe1e9440 Uncommon trap: trap_request=0xffffff45 fr.pc=0x0000019aed585564 relative=0x00000000000000e4
Event: 7.705 Thread 0x0000019afe1e9440 Uncommon trap: reason=unstable_if action=reinterpret pc=0x0000019aed585564 method=java.util.HashMap.hash(Ljava/lang/Object;)I @ 1 c2
Event: 7.705 Thread 0x0000019afe1e9440 DEOPT PACKING pc=0x0000019aed585564 sp=0x00000079928fc6e0
Event: 7.705 Thread 0x0000019afe1e9440 DEOPT UNPACKING pc=0x0000019aed029d22 sp=0x00000079928fc620 mode 2
Event: 7.830 Thread 0x0000019afe1e9440 Uncommon trap: trap_request=0xffffff45 fr.pc=0x0000019aed5f9f40 relative=0x00000000000007a0
Event: 7.830 Thread 0x0000019afe1e9440 Uncommon trap: reason=unstable_if action=reinterpret pc=0x0000019aed5f9f40 method=java.util.ArrayList.grow(I)[Ljava/lang/Object; @ 17 c2
Event: 7.830 Thread 0x0000019afe1e9440 DEOPT PACKING pc=0x0000019aed5f9f40 sp=0x00000079928fd270
Event: 7.830 Thread 0x0000019afe1e9440 DEOPT UNPACKING pc=0x0000019aed029d22 sp=0x00000079928fd108 mode 2
Event: 7.877 Thread 0x0000019afe1e9440 DEOPT PACKING pc=0x0000019ae5f2dae2 sp=0x00000079928fccd0
Event: 7.877 Thread 0x0000019afe1e9440 DEOPT UNPACKING pc=0x0000019aed02a4c2 sp=0x00000079928fc1e0 mode 0

Classes loaded (20 events):
Event: 7.906 Loading class java/lang/invoke/BoundMethodHandle$Species_LLLLLLLLLLLLLL
Event: 7.906 Loading class java/lang/invoke/BoundMethodHandle$Species_LLLLLLLLLLLLLL done
Event: 7.911 Loading class java/lang/invoke/BoundMethodHandle$Species_LLLLLLLLLLLLLLL
Event: 7.911 Loading class java/lang/invoke/BoundMethodHandle$Species_LLLLLLLLLLLLLLL done
Event: 7.918 Loading class java/lang/invoke/BoundMethodHandle$Species_LLLLLLLLLLLLLLLL
Event: 7.918 Loading class java/lang/invoke/BoundMethodHandle$Species_LLLLLLLLLLLLLLLL done
Event: 7.924 Loading class java/lang/invoke/BoundMethodHandle$Species_LLLLLLLLLLLLLLLLL
Event: 7.924 Loading class java/lang/invoke/BoundMethodHandle$Species_LLLLLLLLLLLLLLLLL done
Event: 7.932 Loading class java/lang/invoke/BoundMethodHandle$Species_LLLLLLLLLLLLLLLLLL
Event: 7.932 Loading class java/lang/invoke/BoundMethodHandle$Species_LLLLLLLLLLLLLLLLLL done
Event: 7.938 Loading class java/lang/invoke/BoundMethodHandle$Species_LLLLLLLLLLLLLLLLLLL
Event: 7.938 Loading class java/lang/invoke/BoundMethodHandle$Species_LLLLLLLLLLLLLLLLLLL done
Event: 7.946 Loading class java/lang/invoke/BoundMethodHandle$Species_LLLLLLLLLLLLLLLLLLLL
Event: 7.946 Loading class java/lang/invoke/BoundMethodHandle$Species_LLLLLLLLLLLLLLLLLLLL done
Event: 7.953 Loading class java/lang/invoke/BoundMethodHandle$Species_LLLLLLLLLLLLLLLLLLLLL
Event: 7.953 Loading class java/lang/invoke/BoundMethodHandle$Species_LLLLLLLLLLLLLLLLLLLLL done
Event: 7.961 Loading class java/lang/invoke/BoundMethodHandle$Species_LLLLLLLLLLLLLLLLLLLLLL
Event: 7.961 Loading class java/lang/invoke/BoundMethodHandle$Species_LLLLLLLLLLLLLLLLLLLLLL done
Event: 7.970 Loading class java/lang/invoke/BoundMethodHandle$Species_LLLLLLLLLLLLLLLLLLLLLLL
Event: 7.970 Loading class java/lang/invoke/BoundMethodHandle$Species_LLLLLLLLLLLLLLLLLLLLLLL done

Classes unloaded (0 events):
No events

Classes redefined (0 events):
No events

Internal exceptions (20 events):
Event: 7.552 Thread 0x0000019afe1e9440 Exception <a 'java/lang/NoSuchMethodError'{0x00000000eb51c188}: 'java.lang.Object java.lang.invoke.DirectMethodHandle$Holder.invokeVirtual(java.lang.Object, java.lang.Object, java.lang.Object, java.lang.Object, java.lang.Object, java.lang.Object, java.lang.Object, java.lang.Object, java.lang.Object)'> (0x00000000eb51c188) 
thrown [s\open\src\hotspot\share\interpreter\linkResolver.cpp, line 773]
Event: 7.595 Thread 0x0000019afe1e9440 Exception <a 'java/lang/NoSuchMethodError'{0x00000000eb41ef70}: 'int java.lang.invoke.DirectMethodHandle$Holder.invokeVirtual(java.lang.Object, java.lang.Object, java.lang.Object)'> (0x00000000eb41ef70) 
thrown [s\open\src\hotspot\share\interpreter\linkResolver.cpp, line 773]
Event: 7.638 Thread 0x0000019afe1e9440 Exception <a 'java/lang/NoSuchMethodError'{0x00000000eb342740}: 'int java.lang.invoke.DirectMethodHandle$Holder.invokeSpecialIFC(java.lang.Object, java.lang.Object, java.lang.Object, java.lang.Object)'> (0x00000000eb342740) 
thrown [s\open\src\hotspot\share\interpreter\linkResolver.cpp, line 773]
Event: 7.643 Thread 0x0000019afe1e9440 Exception <a 'java/lang/NoSuchMethodError'{0x00000000eb351520}: 'java.lang.Object java.lang.invoke.DirectMethodHandle$Holder.invokeInterface(java.lang.Object, java.lang.Object, java.lang.Object)'> (0x00000000eb351520) 
thrown [s\open\src\hotspot\share\interpreter\linkResolver.cpp, line 773]
Event: 7.644 Thread 0x0000019afe1e9440 Exception <a 'java/lang/IncompatibleClassChangeError'{0x00000000eb354e68}: Found class java.lang.Object, but interface was expected> (0x00000000eb354e68) 
thrown [s\open\src\hotspot\share\interpreter\linkResolver.cpp, line 840]
Event: 7.705 Thread 0x0000019afe1e9440 Implicit null exception at 0x0000019aed5854c6 to 0x0000019aed58555a
Event: 7.755 Thread 0x0000019afe1e9440 Exception <a 'java/lang/NoSuchMethodError'{0x00000000eb142000}: 'int java.lang.invoke.DirectMethodHandle$Holder.invokeStatic(java.lang.Object, java.lang.Object, java.lang.Object, java.lang.Object)'> (0x00000000eb142000) 
thrown [s\open\src\hotspot\share\interpreter\linkResolver.cpp, line 773]
Event: 7.888 Thread 0x0000019afe1e9440 Exception <a 'java/lang/NoSuchMethodError'{0x00000000eaf08cb0}: 'java.lang.Object java.lang.invoke.DelegatingMethodHandle$Holder.reinvoke_L(java.lang.Object, java.lang.Object, java.lang.Object, java.lang.Object, java.lang.Object, java.lang.Object, java.lang.Object, java.lang.Object, java.lang.Object, java.lang.Object, java.lang.Object, java.lang.Object, java.lang.Object, java.lang.Object, java.lang.Object, java.lang.Object, java.lang.Object, java.lang.Object, java.lang.Object, java.lang.Object, java.lang.O
Event: 7.899 Thread 0x0000019afe1e9440 Exception <a 'java/lang/NoSuchMethodError'{0x00000000eaf61e30}: 'java.lang.Object java.lang.invoke.DirectMethodHandle$Holder.invokeStatic(java.lang.Object, java.lang.Object, java.lang.Object, java.lang.Object, java.lang.Object, java.lang.Object, java.lang.Object, java.lang.Object, java.lang.Object, java.lang.Object, java.lang.Object, java.lang.Object, java.lang.Object, java.lang.Object, java.lang.Object)'> (0x00000000eaf61e30) 
thrown [s\open\src\hotspot\share\interpreter\linkResolver.cpp, line 773]
Event: 7.903 Thread 0x0000019afe1e9440 Exception <a 'java/lang/NoSuchMethodError'{0x00000000eaf86418}: 'java.lang.Object java.lang.invoke.DirectMethodHandle$Holder.invokeStatic(java.lang.Object, java.lang.Object, java.lang.Object, java.lang.Object, java.lang.Object, java.lang.Object, java.lang.Object, java.lang.Object, java.lang.Object, java.lang.Object, java.lang.Object, java.lang.Object, java.lang.Object, java.lang.Object, java.lang.Object, java.lang.Object)'> (0x00000000eaf86418) 
thrown [s\open\src\hotspot\share\interpreter\linkResolver.cpp
Event: 7.909 Thread 0x0000019afe1e9440 Exception <a 'java/lang/NoSuchMethodError'{0x00000000eafad8f8}: 'java.lang.Object java.lang.invoke.DirectMethodHandle$Holder.invokeStatic(java.lang.Object, java.lang.Object, java.lang.Object, java.lang.Object, java.lang.Object, java.lang.Object, java.lang.Object, java.lang.Object, java.lang.Object, java.lang.Object, java.lang.Object, java.lang.Object, java.lang.Object, java.lang.Object, java.lang.Object, java.lang.Object, java.lang.Object)'> (0x00000000eafad8f8) 
thrown [s\open\src\hotspot\share\interprete
Event: 7.915 Thread 0x0000019afe1e9440 Exception <a 'java/lang/NoSuchMethodError'{0x00000000eafd6080}: 'java.lang.Object java.lang.invoke.DirectMethodHandle$Holder.invokeStatic(java.lang.Object, java.lang.Object, java.lang.Object, java.lang.Object, java.lang.Object, java.lang.Object, java.lang.Object, java.lang.Object, java.lang.Object, java.lang.Object, java.lang.Object, java.lang.Object, java.lang.Object, java.lang.Object, java.lang.Object, java.lang.Object, java.lang.Object, java.lang.Object)'> (0x00000000eafd6080) 
thrown [s\open\src\hotspo
Event: 7.921 Thread 0x0000019afe1e9440 Exception <a 'java/lang/NoSuchMethodError'{0x00000000eafffb10}: 'java.lang.Object java.lang.invoke.DirectMethodHandle$Holder.invokeStatic(java.lang.Object, java.lang.Object, java.lang.Object, java.lang.Object, java.lang.Object, java.lang.Object, java.lang.Object, java.lang.Object, java.lang.Object, java.lang.Object, java.lang.Object, java.lang.Object, java.lang.Object, java.lang.Object, java.lang.Object, java.lang.Object, java.lang.Object, java.lang.Object, java.lang.Object)'> (0x00000000eafffb10) 
thrown 
Event: 7.929 Thread 0x0000019afe1e9440 Exception <a 'java/lang/NoSuchMethodError'{0x00000000eae2af60}: 'java.lang.Object java.lang.invoke.DirectMethodHandle$Holder.invokeStatic(java.lang.Object, java.lang.Object, java.lang.Object, java.lang.Object, java.lang.Object, java.lang.Object, java.lang.Object, java.lang.Object, java.lang.Object, java.lang.Object, java.lang.Object, java.lang.Object, java.lang.Object, java.lang.Object, java.lang.Object, java.lang.Object, java.lang.Object, java.lang.Object, java.lang.Object, java.lang.Object)'> (0x00000000
Event: 7.935 Thread 0x0000019afe1e9440 Exception <a 'java/lang/NoSuchMethodError'{0x00000000eae56fc8}: 'java.lang.Object java.lang.invoke.DirectMethodHandle$Holder.invokeStatic(java.lang.Object, java.lang.Object, java.lang.Object, java.lang.Object, java.lang.Object, java.lang.Object, java.lang.Object, java.lang.Object, java.lang.Object, java.lang.Object, java.lang.Object, java.lang.Object, java.lang.Object, java.lang.Object, java.lang.Object, java.lang.Object, java.lang.Object, java.lang.Object, java.lang.Object, java.lang.Object, java.lang.Obj
Event: 7.942 Thread 0x0000019afe1e9440 Exception <a 'java/lang/NoSuchMethodError'{0x00000000eae84850}: 'java.lang.Object java.lang.invoke.DirectMethodHandle$Holder.invokeStatic(java.lang.Object, java.lang.Object, java.lang.Object, java.lang.Object, java.lang.Object, java.lang.Object, java.lang.Object, java.lang.Object, java.lang.Object, java.lang.Object, java.lang.Object, java.lang.Object, java.lang.Object, java.lang.Object, java.lang.Object, java.lang.Object, java.lang.Object, java.lang.Object, java.lang.Object, java.lang.Object, java.lang.Obj
Event: 7.950 Thread 0x0000019afe1e9440 Exception <a 'java/lang/NoSuchMethodError'{0x00000000eaeb2470}: 'java.lang.Object java.lang.invoke.DirectMethodHandle$Holder.invokeStatic(java.lang.Object, java.lang.Object, java.lang.Object, java.lang.Object, java.lang.Object, java.lang.Object, java.lang.Object, java.lang.Object, java.lang.Object, java.lang.Object, java.lang.Object, java.lang.Object, java.lang.Object, java.lang.Object, java.lang.Object, java.lang.Object, java.lang.Object, java.lang.Object, java.lang.Object, java.lang.Object, java.lang.Obj
Event: 7.957 Thread 0x0000019afe1e9440 Exception <a 'java/lang/NoSuchMethodError'{0x00000000eaee1030}: 'java.lang.Object java.lang.invoke.DirectMethodHandle$Holder.invokeStatic(java.lang.Object, java.lang.Object, java.lang.Object, java.lang.Object, java.lang.Object, java.lang.Object, java.lang.Object, java.lang.Object, java.lang.Object, java.lang.Object, java.lang.Object, java.lang.Object, java.lang.Object, java.lang.Object, java.lang.Object, java.lang.Object, java.lang.Object, java.lang.Object, java.lang.Object, java.lang.Object, java.lang.Obj
Event: 7.965 Thread 0x0000019afe1e9440 Exception <a 'java/lang/NoSuchMethodError'{0x00000000ead10a08}: 'java.lang.Object java.lang.invoke.DirectMethodHandle$Holder.invokeStatic(java.lang.Object, java.lang.Object, java.lang.Object, java.lang.Object, java.lang.Object, java.lang.Object, java.lang.Object, java.lang.Object, java.lang.Object, java.lang.Object, java.lang.Object, java.lang.Object, java.lang.Object, java.lang.Object, java.lang.Object, java.lang.Object, java.lang.Object, java.lang.Object, java.lang.Object, java.lang.Object, java.lang.Obj
Event: 7.974 Thread 0x0000019afe1e9440 Exception <a 'java/lang/NoSuchMethodError'{0x00000000ead419d0}: 'java.lang.Object java.lang.invoke.DirectMethodHandle$Holder.invokeStatic(java.lang.Object, java.lang.Object, java.lang.Object, java.lang.Object, java.lang.Object, java.lang.Object, java.lang.Object, java.lang.Object, java.lang.Object, java.lang.Object, java.lang.Object, java.lang.Object, java.lang.Object, java.lang.Object, java.lang.Object, java.lang.Object, java.lang.Object, java.lang.Object, java.lang.Object, java.lang.Object, java.lang.Obj

VM Operations (20 events):
Event: 5.091 Executing VM operation: HandshakeAllThreads
Event: 5.091 Executing VM operation: HandshakeAllThreads done
Event: 5.260 Executing VM operation: HandshakeAllThreads
Event: 5.260 Executing VM operation: HandshakeAllThreads done
Event: 6.051 Executing VM operation: HandshakeAllThreads
Event: 6.051 Executing VM operation: HandshakeAllThreads done
Event: 6.051 Executing VM operation: Cleanup
Event: 6.051 Executing VM operation: Cleanup done
Event: 6.168 Executing VM operation: HandshakeAllThreads
Event: 6.168 Executing VM operation: HandshakeAllThreads done
Event: 7.025 Executing VM operation: HandshakeAllThreads
Event: 7.025 Executing VM operation: HandshakeAllThreads done
Event: 7.366 Executing VM operation: HandshakeAllThreads
Event: 7.366 Executing VM operation: HandshakeAllThreads done
Event: 7.366 Executing VM operation: Cleanup
Event: 7.366 Executing VM operation: Cleanup done
Event: 7.999 Executing VM operation: HandshakeAllThreads
Event: 8.000 Executing VM operation: HandshakeAllThreads done
Event: 8.001 Executing VM operation: HandshakeAllThreads
Event: 8.001 Executing VM operation: HandshakeAllThreads done

Events (20 events):
Event: 4.903 Thread 0x0000019afde79ba0 Thread added: 0x0000019afde79ba0
Event: 5.261 Thread 0x0000019afdff7280 Thread exited: 0x0000019afdff7280
Event: 5.303 Thread 0x0000019afeb85040 Thread added: 0x0000019afeb85040
Event: 5.614 Thread 0x0000019afeb85040 Thread exited: 0x0000019afeb85040
Event: 6.002 Thread 0x0000019afd3aa120 Thread added: 0x0000019afd3aa120
Event: 6.121 Thread 0x0000019afe0f2ee0 Thread added: 0x0000019afe0f2ee0
Event: 6.280 Thread 0x0000019afd3e0070 Thread added: 0x0000019afd3e0070
Event: 6.287 Thread 0x0000019afe1ebec0 Thread added: 0x0000019afe1ebec0
Event: 6.395 Thread 0x0000019afe1eb970 Thread added: 0x0000019afe1eb970
Event: 6.411 Thread 0x0000019afe1e9440 Thread added: 0x0000019afe1e9440
Event: 6.436 Thread 0x0000019afe1ec960 Thread added: 0x0000019afe1ec960
Event: 6.443 Thread 0x0000019afe1ec410 Thread added: 0x0000019afe1ec410
Event: 6.449 Thread 0x0000019afe1e9990 Thread added: 0x0000019afe1e9990
Event: 6.535 Thread 0x0000019afd2cf8e0 Thread added: 0x0000019afd2cf8e0
Event: 6.742 Thread 0x0000019afd2cf8e0 Thread exited: 0x0000019afd2cf8e0
Event: 7.367 Thread 0x0000019afe1e9ee0 Thread added: 0x0000019afe1e9ee0
Event: 7.388 Thread 0x0000019afe1ea430 Thread added: 0x0000019afe1ea430
Event: 7.475 Thread 0x0000019afe1ea980 Thread added: 0x0000019afe1ea980
Event: 7.616 Thread 0x0000019afe0fcc40 Thread added: 0x0000019afe0fcc40
Event: 7.909 Thread 0x0000019afe0fb600 Thread added: 0x0000019afe0fb600


Dynamic libraries:
0x00007ff7409e0000 - 0x00007ff7409f0000 	C:\Program Files\Java\jdk-20\bin\java.exe
0x00007ffa5f3f0000 - 0x00007ffa5f607000 	C:\WINDOWS\SYSTEM32\ntdll.dll
0x00007ffa5d790000 - 0x00007ffa5d854000 	C:\WINDOWS\System32\KERNEL32.DLL
0x00007ffa5cb30000 - 0x00007ffa5cedd000 	C:\WINDOWS\System32\KERNELBASE.dll
0x00007ffa5cf60000 - 0x00007ffa5d071000 	C:\WINDOWS\System32\ucrtbase.dll
0x00007ffa4f440000 - 0x00007ffa4f45b000 	C:\Program Files\Java\jdk-20\bin\VCRUNTIME140.dll
0x00007ffa4f2b0000 - 0x00007ffa4f2c9000 	C:\Program Files\Java\jdk-20\bin\jli.dll
0x00007ffa5ddc0000 - 0x00007ffa5de72000 	C:\WINDOWS\System32\ADVAPI32.dll
0x00007ffa5d860000 - 0x00007ffa5d907000 	C:\WINDOWS\System32\msvcrt.dll
0x00007ffa5e430000 - 0x00007ffa5e4d9000 	C:\WINDOWS\System32\sechost.dll
0x00007ffa5cb00000 - 0x00007ffa5cb28000 	C:\WINDOWS\System32\bcrypt.dll
0x00007ffa5e4e0000 - 0x00007ffa5e5f4000 	C:\WINDOWS\System32\RPCRT4.dll
0x00007ffa5e280000 - 0x00007ffa5e42e000 	C:\WINDOWS\System32\USER32.dll
0x00007ffa5c710000 - 0x00007ffa5c736000 	C:\WINDOWS\System32\win32u.dll
0x00007ffa47140000 - 0x00007ffa473d3000 	C:\WINDOWS\WinSxS\amd64_microsoft.windows.common-controls_6595b64144ccf1df_6.0.22621.3672_none_2713b9d173822955\COMCTL32.dll
0x00007ffa5d510000 - 0x00007ffa5d539000 	C:\WINDOWS\System32\GDI32.dll
0x00007ffa5c7b0000 - 0x00007ffa5c8c9000 	C:\WINDOWS\System32\gdi32full.dll
0x00007ffa5d080000 - 0x00007ffa5d11a000 	C:\WINDOWS\System32\msvcp_win.dll
0x00007ffa52430000 - 0x00007ffa5243a000 	C:\WINDOWS\SYSTEM32\VERSION.dll
0x00007ffa5e140000 - 0x00007ffa5e171000 	C:\WINDOWS\System32\IMM32.DLL
0x00007ffa58cc0000 - 0x00007ffa58ccc000 	C:\Program Files\Java\jdk-20\bin\vcruntime140_1.dll
0x00007ffa42110000 - 0x00007ffa4219e000 	C:\Program Files\Java\jdk-20\bin\msvcp140.dll
0x00007ffa17570000 - 0x00007ffa18208000 	C:\Program Files\Java\jdk-20\bin\server\jvm.dll
0x00007ffa49eb0000 - 0x00007ffa49eb9000 	C:\WINDOWS\SYSTEM32\WSOCK32.dll
0x00007ffa58350000 - 0x00007ffa58384000 	C:\WINDOWS\SYSTEM32\WINMM.dll
0x00007ffa5e200000 - 0x00007ffa5e271000 	C:\WINDOWS\System32\WS2_32.dll
0x00007ffa5b700000 - 0x00007ffa5b718000 	C:\WINDOWS\SYSTEM32\kernel.appcore.dll
0x00007ffa4f590000 - 0x00007ffa4f59a000 	C:\Program Files\Java\jdk-20\bin\jimage.dll
0x00007ffa54250000 - 0x00007ffa54482000 	C:\WINDOWS\SYSTEM32\DBGHELP.DLL
0x00007ffa5f020000 - 0x00007ffa5f3ad000 	C:\WINDOWS\System32\combase.dll
0x00007ffa5d550000 - 0x00007ffa5d627000 	C:\WINDOWS\System32\OLEAUT32.dll
0x00007ffa52b00000 - 0x00007ffa52b32000 	C:\WINDOWS\SYSTEM32\dbgcore.DLL
0x00007ffa5cee0000 - 0x00007ffa5cf5b000 	C:\WINDOWS\System32\bcryptPrimitives.dll
0x00007ffa4a250000 - 0x00007ffa4a25e000 	C:\Program Files\Java\jdk-20\bin\instrument.dll
0x00007ffa4f120000 - 0x00007ffa4f146000 	C:\Program Files\Java\jdk-20\bin\java.dll
0x00007ffa27560000 - 0x00007ffa27637000 	C:\Program Files\Java\jdk-20\bin\jsvml.dll
0x00007ffa5e7b0000 - 0x00007ffa5f018000 	C:\WINDOWS\System32\SHELL32.dll
0x00007ffa5a610000 - 0x00007ffa5af0e000 	C:\WINDOWS\SYSTEM32\windows.storage.dll
0x00007ffa5a4d0000 - 0x00007ffa5a60f000 	C:\WINDOWS\SYSTEM32\wintypes.dll
0x00007ffa5d630000 - 0x00007ffa5d729000 	C:\WINDOWS\System32\SHCORE.dll
0x00007ffa5d130000 - 0x00007ffa5d18e000 	C:\WINDOWS\System32\shlwapi.dll
0x00007ffa5c640000 - 0x00007ffa5c661000 	C:\WINDOWS\SYSTEM32\profapi.dll
0x00007ffa420d0000 - 0x00007ffa420e8000 	C:\Program Files\Java\jdk-20\bin\zip.dll
0x00007ffa44180000 - 0x00007ffa44193000 	C:\Program Files\Java\jdk-20\bin\net.dll
0x00007ffa58b50000 - 0x00007ffa58c86000 	C:\WINDOWS\SYSTEM32\WINHTTP.dll
0x00007ffa5bb60000 - 0x00007ffa5bbc9000 	C:\WINDOWS\system32\mswsock.dll
0x00007ffa420f0000 - 0x00007ffa42106000 	C:\Program Files\Java\jdk-20\bin\nio.dll
0x00007ffa4f2a0000 - 0x00007ffa4f2b0000 	C:\Program Files\Java\jdk-20\bin\verify.dll
0x00007ffa448f0000 - 0x00007ffa44917000 	C:\Users\vladw\.gradle\native\c067742578af261105cb4f569cf0c3c89f3d7b1fecec35dd04571415982c5e48\windows-amd64\native-platform.dll
0x00007ffa104b0000 - 0x00007ffa105f4000 	C:\Users\vladw\.gradle\native\100fb08df4bc3b14c8652ba06237920a3bd2aa13389f12d3474272988ae205f9\windows-amd64\native-platform-file-events.dll
0x00007ffa4a280000 - 0x00007ffa4a28a000 	C:\Program Files\Java\jdk-20\bin\management.dll
0x00007ffa4a270000 - 0x00007ffa4a27b000 	C:\Program Files\Java\jdk-20\bin\management_ext.dll
0x00007ffa5d540000 - 0x00007ffa5d548000 	C:\WINDOWS\System32\PSAPI.DLL
0x00007ffa5beb0000 - 0x00007ffa5becb000 	C:\WINDOWS\SYSTEM32\CRYPTSP.dll
0x00007ffa5b660000 - 0x00007ffa5b695000 	C:\WINDOWS\system32\rsaenh.dll
0x00007ffa5bc00000 - 0x00007ffa5bc28000 	C:\WINDOWS\SYSTEM32\USERENV.dll
0x00007ffa5be90000 - 0x00007ffa5be9c000 	C:\WINDOWS\SYSTEM32\CRYPTBASE.dll
0x00007ffa5b170000 - 0x00007ffa5b19d000 	C:\WINDOWS\SYSTEM32\IPHLPAPI.DLL
0x00007ffa5ddb0000 - 0x00007ffa5ddb9000 	C:\WINDOWS\System32\NSI.dll
0x00007ffa589f0000 - 0x00007ffa58a09000 	C:\WINDOWS\SYSTEM32\dhcpcsvc6.DLL
0x00007ffa587e0000 - 0x00007ffa587ff000 	C:\WINDOWS\SYSTEM32\dhcpcsvc.DLL
0x00007ffa5b1e0000 - 0x00007ffa5b2d8000 	C:\WINDOWS\SYSTEM32\DNSAPI.dll
0x00007ffa4a260000 - 0x00007ffa4a267000 	C:\Program Files\Java\jdk-20\bin\extnet.dll
0x00007ffa4a240000 - 0x00007ffa4a24e000 	C:\Program Files\Java\jdk-20\bin\sunmscapi.dll
0x00007ffa5c990000 - 0x00007ffa5caf7000 	C:\WINDOWS\System32\CRYPT32.dll
0x00007ffa5c040000 - 0x00007ffa5c06e000 	C:\WINDOWS\SYSTEM32\ncrypt.dll
0x00007ffa5c000000 - 0x00007ffa5c037000 	C:\WINDOWS\SYSTEM32\NTASN1.dll
0x00007ffa59320000 - 0x00007ffa59328000 	C:\WINDOWS\system32\wshunix.dll

dbghelp: loaded successfully - version: 4.0.5 - missing functions: none
symbol engine: initialized successfully - sym options: 0x614 - pdb path: .;C:\Program Files\Java\jdk-20\bin;C:\WINDOWS\SYSTEM32;C:\WINDOWS\WinSxS\amd64_microsoft.windows.common-controls_6595b64144ccf1df_6.0.22621.3672_none_2713b9d173822955;C:\Program Files\Java\jdk-20\bin\server;C:\Users\vladw\.gradle\native\c067742578af261105cb4f569cf0c3c89f3d7b1fecec35dd04571415982c5e48\windows-amd64;C:\Users\vladw\.gradle\native\100fb08df4bc3b14c8652ba06237920a3bd2aa13389f12d3474272988ae205f9\windows-amd64

VM Arguments:
jvm_args: --add-opens=java.base/java.util=ALL-UNNAMED --add-opens=java.base/java.lang=ALL-UNNAMED --add-opens=java.base/java.lang.invoke=ALL-UNNAMED --add-opens=java.prefs/java.util.prefs=ALL-UNNAMED --add-opens=java.base/java.nio.charset=ALL-UNNAMED --add-opens=java.base/java.net=ALL-UNNAMED --add-opens=java.base/java.util.concurrent.atomic=ALL-UNNAMED -XX:MaxMetaspaceSize=384m -XX:+HeapDumpOnOutOfMemoryError -Xms256m -Xmx512m -Dfile.encoding=UTF-8 -Duser.country=RU -Duser.language=ru -Duser.variant -javaagent:C:\Users\vladw\.gradle\wrapper\dists\gradle-8.8-bin\dl7vupf4psengwqhwktix4v1\gradle-8.8\lib\agents\gradle-instrumentation-agent-8.8.jar 
java_command: org.gradle.launcher.daemon.bootstrap.GradleDaemon 8.8
java_class_path (initial): C:\Users\vladw\.gradle\wrapper\dists\gradle-8.8-bin\dl7vupf4psengwqhwktix4v1\gradle-8.8\lib\gradle-launcher-8.8.jar
Launcher Type: SUN_STANDARD

[Global flags]
     intx CICompilerCount                          = 4                                         {product} {ergonomic}
   size_t CompressedClassSpaceSize                 = 322961408                                 {product} {ergonomic}
     uint ConcGCThreads                            = 3                                         {product} {ergonomic}
     uint G1ConcRefinementThreads                  = 10                                        {product} {ergonomic}
   size_t G1HeapRegionSize                         = 1048576                                   {product} {ergonomic}
    uintx GCDrainStackTargetSize                   = 64                                        {product} {ergonomic}
     bool HeapDumpOnOutOfMemoryError               = true                                   {manageable} {command line}
   size_t InitialHeapSize                          = 268435456                                 {product} {command line}
   size_t MarkStackSize                            = 4194304                                   {product} {ergonomic}
   size_t MaxHeapSize                              = 536870912                                 {product} {command line}
   size_t MaxMetaspaceSize                         = 402653184                                 {product} {command line}
   size_t MaxNewSize                               = 321912832                                 {product} {ergonomic}
   size_t MinHeapDeltaBytes                        = 1048576                                   {product} {ergonomic}
   size_t MinHeapSize                              = 268435456                                 {product} {command line}
    uintx NonNMethodCodeHeapSize                   = 5839372                                {pd product} {ergonomic}
    uintx NonProfiledCodeHeapSize                  = 122909434                              {pd product} {ergonomic}
    uintx ProfiledCodeHeapSize                     = 122909434                              {pd product} {ergonomic}
    uintx ReservedCodeCacheSize                    = 251658240                              {pd product} {ergonomic}
     bool SegmentedCodeCache                       = true                                      {product} {ergonomic}
   size_t SoftMaxHeapSize                          = 536870912                              {manageable} {ergonomic}
     bool UseCompressedClassPointers               = true                           {product lp64_product} {ergonomic}
     bool UseCompressedOops                        = true                           {product lp64_product} {ergonomic}
     bool UseG1GC                                  = true                                      {product} {ergonomic}
     bool UseLargePagesIndividualAllocation        = false                                  {pd product} {ergonomic}

Logging:
Log output configuration:
 #0: stdout all=warning uptime,level,tags foldmultilines=false
 #1: stderr all=off uptime,level,tags foldmultilines=false

Environment Variables:
CLASSPATH=C:\Users\vladw\OneDrive\\CrudTestApy\libraryapplication\libraryservice\\gradle\wrapper\gradle-wrapper.jar
PATH=C:\Program Files\Common Files\Oracle\Java\javapath;C:\ProgramData\Oracle\Java\javapath;C:\Program Files (x86)\Common Files\Oracle\Java\javapath;C:\WINDOWS\system32;C:\WINDOWS;C:\WINDOWS\System32\Wbem;C:\WINDOWS\System32\WindowsPowerShell\v1.0\;C:\WINDOWS\System32\OpenSSH\;C:\Program Files\Git\cmd;C:\Program Files (x86)\dotnet\;C:\Program Files\dotnet\;C:\Program Files (x86)\Windows Kits\10\Windows Performance Toolkit\;C:\Program Files\Tailscale\;C:\Program Files\Java\jdk-20\bin;C:\Program Files\apache-maven-3.9.6\bin;C:\Program Files\Java\jdk-20\bin;C:\Program Files (x86)\Microsoft SQL Server\160\Tools\Binn\;C:\Program Files\Microsoft SQL Server\160\Tools\Binn\;C:\Program Files\Microsoft SQL Server\Client SDK\ODBC\170\Tools\Binn\;C:\Program Files\Microsoft SQL Server\160\DTS\Binn\;C:\Program Files (x86)\Microsoft SQL Server\160\DTS\Binn\;C:\Program Files\Azure Data Studio\bin;C:\Program Files\Docker\Docker\resources\bin;C:\Users\vladw\AppData\Local\Microsoft\WindowsApps;C:\Users\vladw\AppData\Local\Programs\Microsoft VS Code\bin;C:\Program Files\Azure Data Studio\bin;C:\gradle-8.10\bin;
USERNAME=vladw
OS=Windows_NT
PROCESSOR_IDENTIFIER=AMD64 Family 23 Model 104 Stepping 1, AuthenticAMD
TMP=C:\Users\vladw\AppData\Local\Temp
TEMP=C:\Users\vladw\AppData\Local\Temp




---------------  S Y S T E M  ---------------

OS:
 Windows 11 , 64 bit Build 22621 (10.0.22621.3958)
OS uptime: 2 days 15:41 hours
Hyper-V role detected

CPU: total 12 (initial active 12) (12 cores per cpu, 2 threads per core) family 23 model 104 stepping 1 microcode 0x0, cx8, cmov, fxsr, ht, mmx, 3dnowpref, sse, sse2, sse3, ssse3, sse4a, sse4.1, sse4.2, popcnt, lzcnt, tsc, tscinvbit, avx, avx2, aes, clmul, bmi1, bmi2, adx, sha, fma, vzeroupper, clflush, clflushopt, hv, rdtscp, rdpid, f16c

Memory: 4k page, system-wide physical 15722M (818M free)
TotalPageFile size 21722M (AvailPageFile size 5M)
current process WorkingSet (physical memory assigned to process): 201M, peak: 201M
current process commit charge ("private bytes"): 415M, peak: 417M

vm_info: Java HotSpot(TM) 64-Bit Server VM (20.0.2+9-78) for windows-amd64 JRE (20.0.2+9-78), built on 2023-06-14T10:08:48Z by "mach5one" with MS VC++ 17.1 (VS2022)

END.
